This is pdfTeX, Version 3.141592653-2.6-1.40.23 (TeX Live 2021/W32TeX) (preloaded format=pdflatex 2022.3.8)  11 MAR 2022 10:02
entering extended mode
 restricted \write18 enabled.
 file:line:error style messages enabled.
 %&-line parsing enabled.
**"c:/Users/daduz/Documents/MEGAsync/Universita Francia Magistrale/Stage/stage-davide/sources concur/Appendix-Sec5/concur2021.tex"
(c:/Users/daduz/Documents/MEGAsync/Universita Francia Magistrale/Stage/stage-davide/sources concur/Appendix-Sec5/concur2021.tex
LaTeX2e <2021-11-15> patch level 1
L3 programming layer <2022-02-24>

! LaTeX Error: File `lipics-v2021.cls' not found.

Type X to quit or <RETURN> to proceed,
or enter new name. (Default extension: cls)

Enter file name: 
c:/Users/daduz/Documents/MEGAsync/Universita Francia Magistrale/Stage/stage-davide/sources concur/Appendix-Sec5/concur2021.tex:2: Emergency stop.
<read *> 
         
l.2 ^^M
       
*** (cannot \read from terminal in nonstop modes)

 
Here is how much of TeX's memory you used:
 24 strings out of 478276
 850 string characters out of 5850490
 289375 words of memory out of 5000000
 18329 multiletter control sequences out of 15000+600000
 469259 words of font info for 28 fonts, out of 8000000 for 9000
 1141 hyphenation exceptions out of 8191
 19i,0n,29p,238b,17s stack positions out of 5000i,500n,10000p,200000b,80000s
c:/Users/daduz/Documents/MEGAsync/Universita Francia Magistrale/Stage/stage-davide/sources concur/Appendix-Sec5/concur2021.tex:2:  ==> Fatal error occurred, no output PDF file produced!
