This is pdfTeX, Version 3.141592653-2.6-1.40.23 (TeX Live 2021/W32TeX) (preloaded format=pdflatex 2022.3.8)  13 MAR 2022 09:41
entering extended mode
 restricted \write18 enabled.
 file:line:error style messages enabled.
 %&-line parsing enabled.
**"c:/Users/daduz/Documents/MEGAsync/Universita Francia Magistrale/Stage/stage-davide/sources concur/concur2021.tex"
(c:/Users/daduz/Documents/MEGAsync/Universita Francia Magistrale/Stage/stage-davide/sources concur/concur2021.tex
LaTeX2e <2021-11-15> patch level 1
L3 programming layer <2022-02-24> (./lipics-v2021.cls
Document Class: lipics-v2021 2021/01/04 v3.1.0 LIPIcs articles
(c:/texlive/2021/texmf-dist/tex/latex/base/article.cls
Document Class: article 2021/10/04 v1.4n Standard LaTeX document class
(c:/texlive/2021/texmf-dist/tex/latex/base/fleqn.clo
File: fleqn.clo 2016/12/29 v1.2b Standard LaTeX option (flush left equations)
\mathindent=\skip47
Applying: [2015/01/01] Make \[ robust on input line 50.
LaTeX Info: Redefining \[ on input line 51.
Already applied: [0000/00/00] Make \[ robust on input line 62.
Applying: [2015/01/01] Make \] robust on input line 74.
LaTeX Info: Redefining \] on input line 75.
Already applied: [0000/00/00] Make \] robust on input line 83.
) (c:/texlive/2021/texmf-dist/tex/latex/base/size10.clo
File: size10.clo 2021/10/04 v1.4n Standard LaTeX file (size option)
)
\c@part=\count185
\c@section=\count186
\c@subsection=\count187
\c@subsubsection=\count188
\c@paragraph=\count189
\c@subparagraph=\count190
\c@figure=\count191
\c@table=\count192
\abovecaptionskip=\skip48
\belowcaptionskip=\skip49
\bibindent=\dimen138
)
\tocfile=\write3
 (c:/texlive/2021/texmf-dist/tex/latex/microtype/microtype.sty
Package: microtype 2022/02/22 v3.0c Micro-typographical refinements (RS)
 (c:/texlive/2021/texmf-dist/tex/latex/graphics/keyval.sty
Package: keyval 2014/10/28 v1.15 key=value parser (DPC)
\KV@toks@=\toks16
) (c:/texlive/2021/texmf-dist/tex/latex/etoolbox/etoolbox.sty
Package: etoolbox 2020/10/05 v2.5k e-TeX tools for LaTeX (JAW)
\etb@tempcnta=\count193
)
\MT@toks=\toks17
\MT@tempbox=\box50
\MT@count=\count194
LaTeX Info: Redefining \noprotrusionifhmode on input line 1027.
LaTeX Info: Redefining \leftprotrusion on input line 1028.
LaTeX Info: Redefining \rightprotrusion on input line 1036.
LaTeX Info: Redefining \textls on input line 1200.
\MT@outer@kern=\dimen139
LaTeX Info: Redefining \textmicrotypecontext on input line 1786.
\MT@listname@count=\count195
 (c:/texlive/2021/texmf-dist/tex/latex/microtype/microtype-pdftex.def
File: microtype-pdftex.def 2022/02/22 v3.0c Definitions specific to pdftex (RS)
LaTeX Info: Redefining \lsstyle on input line 897.
LaTeX Info: Redefining \lslig on input line 897.
\MT@outer@space=\skip50
)
Package microtype Info: Loading configuration file microtype.cfg.
 (c:/texlive/2021/texmf-dist/tex/latex/microtype/microtype.cfg
File: microtype.cfg 2022/02/22 v3.0c microtype main configuration file (RS)
)) (c:/texlive/2021/texmf-dist/tex/latex/base/inputenc.sty
Package: inputenc 2021/02/14 v1.3d Input encoding file
\inpenc@prehook=\toks18
\inpenc@posthook=\toks19
) (c:/texlive/2021/texmf-dist/tex/generic/pdftex/glyphtounicode.tex) (c:/texlive/2021/texmf-dist/tex/latex/lm/lmodern.sty
Package: lmodern 2015/05/01 v1.6.1 Latin Modern Fonts
LaTeX Font Info:    Overwriting symbol font `operators' in version `normal'
(Font)                  OT1/cmr/m/n --> OT1/lmr/m/n on input line 22.
LaTeX Font Info:    Overwriting symbol font `letters' in version `normal'
(Font)                  OML/cmm/m/it --> OML/lmm/m/it on input line 23.
LaTeX Font Info:    Overwriting symbol font `symbols' in version `normal'
(Font)                  OMS/cmsy/m/n --> OMS/lmsy/m/n on input line 24.
LaTeX Font Info:    Overwriting symbol font `largesymbols' in version `normal'
(Font)                  OMX/cmex/m/n --> OMX/lmex/m/n on input line 25.
LaTeX Font Info:    Overwriting symbol font `operators' in version `bold'
(Font)                  OT1/cmr/bx/n --> OT1/lmr/bx/n on input line 26.
LaTeX Font Info:    Overwriting symbol font `letters' in version `bold'
(Font)                  OML/cmm/b/it --> OML/lmm/b/it on input line 27.
LaTeX Font Info:    Overwriting symbol font `symbols' in version `bold'
(Font)                  OMS/cmsy/b/n --> OMS/lmsy/b/n on input line 28.
LaTeX Font Info:    Overwriting symbol font `largesymbols' in version `bold'
(Font)                  OMX/cmex/m/n --> OMX/lmex/m/n on input line 29.
LaTeX Font Info:    Overwriting math alphabet `\mathbf' in version `normal'
(Font)                  OT1/cmr/bx/n --> OT1/lmr/bx/n on input line 31.
LaTeX Font Info:    Overwriting math alphabet `\mathsf' in version `normal'
(Font)                  OT1/cmss/m/n --> OT1/lmss/m/n on input line 32.
LaTeX Font Info:    Overwriting math alphabet `\mathit' in version `normal'
(Font)                  OT1/cmr/m/it --> OT1/lmr/m/it on input line 33.
LaTeX Font Info:    Overwriting math alphabet `\mathtt' in version `normal'
(Font)                  OT1/cmtt/m/n --> OT1/lmtt/m/n on input line 34.
LaTeX Font Info:    Overwriting math alphabet `\mathbf' in version `bold'
(Font)                  OT1/cmr/bx/n --> OT1/lmr/bx/n on input line 35.
LaTeX Font Info:    Overwriting math alphabet `\mathsf' in version `bold'
(Font)                  OT1/cmss/bx/n --> OT1/lmss/bx/n on input line 36.
LaTeX Font Info:    Overwriting math alphabet `\mathit' in version `bold'
(Font)                  OT1/cmr/bx/it --> OT1/lmr/bx/it on input line 37.
LaTeX Font Info:    Overwriting math alphabet `\mathtt' in version `bold'
(Font)                  OT1/cmtt/m/n --> OT1/lmtt/m/n on input line 38.
) (c:/texlive/2021/texmf-dist/tex/latex/fontawesome5/fontawesome5.sty (c:/texlive/2021/texmf-dist/tex/latex/l3kernel/expl3.sty
Package: expl3 2022-02-24 L3 programming layer (loader) 
 (c:/texlive/2021/texmf-dist/tex/latex/l3backend/l3backend-pdftex.def
File: l3backend-pdftex.def 2022-02-07 L3 backend support: PDF output (pdfTeX)
\l__color_backend_stack_int=\count196
\l__pdf_internal_box=\box51
))
Package: fontawesome5 2021/06/04 v5.15.3 Font Awesome 5
 (c:/texlive/2021/texmf-dist/tex/latex/l3packages/l3keys2e/l3keys2e.sty
Package: l3keys2e 2022-01-12 LaTeX2e option processing using LaTeX3 keys
) (c:/texlive/2021/texmf-dist/tex/latex/l3packages/xparse/xparse.sty
Package: xparse 2022-01-12 L3 Experimental document command parser
) (c:/texlive/2021/texmf-dist/tex/latex/fontawesome5/fontawesome5-generic-helper.sty
Package: fontawesome5-generic-helper 2021/06/04 v5.15.3 non-uTeX helper for fontawesome5
 (c:/texlive/2021/texmf-dist/tex/latex/fontawesome5/fontawesome5-mapping.def))) (c:/texlive/2021/texmf-dist/tex/latex/base/fontenc.sty
Package: fontenc 2021/04/29 v2.0v Standard LaTeX package
LaTeX Font Info:    Trying to load font information for T1+lmr on input line 112.
 (c:/texlive/2021/texmf-dist/tex/latex/lm/t1lmr.fd
File: t1lmr.fd 2015/05/01 v1.6.1 Font defs for Latin Modern
)) (c:/texlive/2021/texmf-dist/tex/latex/base/textcomp.sty
Package: textcomp 2020/02/02 v2.0n Standard LaTeX package
) (c:/texlive/2021/texmf-dist/tex/latex/amsfonts/eucal.sty
Package: eucal 2009/06/22 v3.00 Euler Script fonts
LaTeX Font Info:    Overwriting math alphabet `\EuScript' in version `bold'
(Font)                  U/eus/m/n --> U/eus/b/n on input line 33.
) (c:/texlive/2021/texmf-dist/tex/latex/amsfonts/amssymb.sty
Package: amssymb 2013/01/14 v3.01 AMS font symbols
 (c:/texlive/2021/texmf-dist/tex/latex/amsfonts/amsfonts.sty
Package: amsfonts 2013/01/14 v3.01 Basic AMSFonts support
\@emptytoks=\toks20
\symAMSa=\mathgroup4
\symAMSb=\mathgroup5
LaTeX Font Info:    Redeclaring math symbol \hbar on input line 98.
LaTeX Font Info:    Overwriting math alphabet `\mathfrak' in version `bold'
(Font)                  U/euf/m/n --> U/euf/b/n on input line 106.
)) (c:/texlive/2021/texmf-dist/tex/generic/soul/soul.sty
Package: soul 2003/11/17 v2.4 letterspacing/underlining (mf)
\SOUL@word=\toks21
\SOUL@lasttoken=\toks22
\SOUL@cmds=\toks23
\SOUL@buffer=\toks24
\SOUL@token=\toks25
\SOUL@spaceskip=\skip51
\SOUL@ttwidth=\dimen140
\SOUL@uldp=\dimen141
\SOUL@ulht=\dimen142
) (c:/texlive/2021/texmf-dist/tex/latex/graphics/color.sty
Package: color 2021/12/07 v1.3c Standard LaTeX Color (DPC)
 (c:/texlive/2021/texmf-dist/tex/latex/graphics-cfg/color.cfg
File: color.cfg 2016/01/02 v1.6 sample color configuration
)
Package color Info: Driver file: pdftex.def on input line 149.
 (c:/texlive/2021/texmf-dist/tex/latex/graphics-def/pdftex.def
File: pdftex.def 2020/10/05 v1.2a Graphics/color driver for pdftex
)) (c:/texlive/2021/texmf-dist/tex/generic/babel/babel.sty
Package: babel 2022/02/26 3.73 The Babel package
\babel@savecnt=\count197
\U@D=\dimen143
\l@unhyphenated=\language87
 (c:/texlive/2021/texmf-dist/tex/generic/babel/txtbabel.def)
\bbl@readstream=\read2
\bbl@dirlevel=\count198
 (c:/texlive/2021/texmf-dist/tex/generic/babel-english/UKenglish.ldf
Language: UKenglish 2017/06/06 v3.3r English support from the babel system
 (c:/texlive/2021/texmf-dist/tex/generic/babel-english/english.ldf
Language: english 2017/06/06 v3.3r English support from the babel system
Package babel Info: Hyphen rules for 'canadian' set to \l@english
(babel)             (\language0). Reported on input line 102.
Package babel Info: Hyphen rules for 'australian' set to \l@ukenglish
(babel)             (\language21). Reported on input line 105.
Package babel Info: Hyphen rules for 'newzealand' set to \l@ukenglish
(babel)             (\language21). Reported on input line 108.
))) (c:/texlive/2021/texmf-dist/tex/latex/amsmath/amsmath.sty
Package: amsmath 2021/10/15 v2.17l AMS math features
\@mathmargin=\skip52

For additional information on amsmath, use the `?' option.
(c:/texlive/2021/texmf-dist/tex/latex/amsmath/amstext.sty
Package: amstext 2021/08/26 v2.01 AMS text
 (c:/texlive/2021/texmf-dist/tex/latex/amsmath/amsgen.sty
File: amsgen.sty 1999/11/30 v2.0 generic functions
\@emptytoks=\toks26
\ex@=\dimen144
)) (c:/texlive/2021/texmf-dist/tex/latex/amsmath/amsbsy.sty
Package: amsbsy 1999/11/29 v1.2d Bold Symbols
\pmbraise@=\dimen145
) (c:/texlive/2021/texmf-dist/tex/latex/amsmath/amsopn.sty
Package: amsopn 2021/08/26 v2.02 operator names
)
\inf@bad=\count199
LaTeX Info: Redefining \frac on input line 234.
\uproot@=\count266
\leftroot@=\count267
LaTeX Info: Redefining \overline on input line 399.
\classnum@=\count268
\DOTSCASE@=\count269
LaTeX Info: Redefining \ldots on input line 496.
LaTeX Info: Redefining \dots on input line 499.
LaTeX Info: Redefining \cdots on input line 620.
\Mathstrutbox@=\box52
\strutbox@=\box53
\big@size=\dimen146
LaTeX Font Info:    Redeclaring font encoding OML on input line 743.
LaTeX Font Info:    Redeclaring font encoding OMS on input line 744.
\macc@depth=\count270
\c@MaxMatrixCols=\count271
\dotsspace@=\muskip16
\c@parentequation=\count272
\dspbrk@lvl=\count273
\tag@help=\toks27
\row@=\count274
\column@=\count275
\maxfields@=\count276
\andhelp@=\toks28
\eqnshift@=\dimen147
\alignsep@=\dimen148
\tagshift@=\dimen149
\tagwidth@=\dimen150
\totwidth@=\dimen151
\lineht@=\dimen152
\@envbody=\toks29
\multlinegap=\skip53
\multlinetaggap=\skip54
\mathdisplay@stack=\toks30
LaTeX Info: Redefining \[ on input line 2938.
LaTeX Info: Redefining \] on input line 2939.
) (c:/texlive/2021/texmf-dist/tex/latex/tools/enumerate.sty
Package: enumerate 2015/07/23 v3.00 enumerate extensions (DPC)
\@enLab=\toks31
) (c:/texlive/2021/texmf-dist/tex/latex/graphics/graphicx.sty
Package: graphicx 2021/09/16 v1.2d Enhanced LaTeX Graphics (DPC,SPQR)
 (c:/texlive/2021/texmf-dist/tex/latex/graphics/graphics.sty
Package: graphics 2021/03/04 v1.4d Standard LaTeX Graphics (DPC,SPQR)
 (c:/texlive/2021/texmf-dist/tex/latex/graphics/trig.sty
Package: trig 2021/08/11 v1.11 sin cos tan (DPC)
) (c:/texlive/2021/texmf-dist/tex/latex/graphics-cfg/graphics.cfg
File: graphics.cfg 2016/06/04 v1.11 sample graphics configuration
)
Package graphics Info: Driver file: pdftex.def on input line 107.
)
\Gin@req@height=\dimen153
\Gin@req@width=\dimen154
) (c:/texlive/2021/texmf-dist/tex/latex/tools/array.sty
Package: array 2021/10/04 v2.5f Tabular extension package (FMi)
\col@sep=\dimen155
\ar@mcellbox=\box54
\extrarowheight=\dimen156
\NC@list=\toks32
\extratabsurround=\skip55
\backup@length=\skip56
\ar@cellbox=\box55
) (c:/texlive/2021/texmf-dist/tex/latex/multirow/multirow.sty
Package: multirow 2021/03/15 v2.8 Span multiple rows of a table
\multirow@colwidth=\skip57
\multirow@cntb=\count277
\multirow@dima=\skip58
\bigstrutjot=\dimen157
) (c:/texlive/2021/texmf-dist/tex/latex/tools/tabularx.sty
Package: tabularx 2020/01/15 v2.11c `tabularx' package (DPC)
\TX@col@width=\dimen158
\TX@old@table=\dimen159
\TX@old@col=\dimen160
\TX@target=\dimen161
\TX@delta=\dimen162
\TX@cols=\count278
\TX@ftn=\toks33
) (c:/texlive/2021/texmf-dist/tex/latex/threeparttable/threeparttable.sty
Package: threeparttable 2003/06/13  v 3.0
\@tempboxb=\box56
) (c:/texlive/2021/texmf-dist/tex/latex/listings/listings.sty
\lst@mode=\count279
\lst@gtempboxa=\box57
\lst@token=\toks34
\lst@length=\count280
\lst@currlwidth=\dimen163
\lst@column=\count281
\lst@pos=\count282
\lst@lostspace=\dimen164
\lst@width=\dimen165
\lst@newlines=\count283
\lst@lineno=\count284
\lst@maxwidth=\dimen166
 (c:/texlive/2021/texmf-dist/tex/latex/listings/lstmisc.sty
File: lstmisc.sty 2020/03/24 1.8d (Carsten Heinz)
\c@lstnumber=\count285
\lst@skipnumbers=\count286
\lst@framebox=\box58
) (c:/texlive/2021/texmf-dist/tex/latex/listings/listings.cfg
File: listings.cfg 2020/03/24 1.8d listings configuration
))
Package: listings 2020/03/24 1.8d (Carsten Heinz)
 (c:/texlive/2021/texmf-dist/tex/latex/lineno/lineno.sty
Package: lineno 2005/11/02 line numbers on paragraphs v4.41
\linenopenalty=\count287
\output=\toks35
\linenoprevgraf=\count288
\linenumbersep=\dimen167
\linenumberwidth=\dimen168
\c@linenumber=\count289
\c@pagewiselinenumber=\count290
\c@LN@truepage=\count291
\c@internallinenumber=\count292
\c@internallinenumbers=\count293
\quotelinenumbersep=\dimen169
\bframerule=\dimen170
\bframesep=\dimen171
\bframebox=\box59
LaTeX Info: Redefining \\ on input line 3056.
) (c:/texlive/2021/texmf-dist/tex/latex/totpages/totpages.sty
Package: totpages 2005/09/19 v2.00 Totpages Package (muewi)
 (c:/texlive/2021/texmf-dist/tex/latex/everyshi/everyshi.sty
Package: everyshi 2020/11/18 v4.00 EveryShipout Package
)) (c:/texlive/2021/texmf-dist/tex/latex/hyperref/hyperref.sty
Package: hyperref 2022-02-21 v7.00n Hypertext links for LaTeX
 (c:/texlive/2021/texmf-dist/tex/generic/ltxcmds/ltxcmds.sty
Package: ltxcmds 2020-05-10 v1.25 LaTeX kernel commands for general use (HO)
) (c:/texlive/2021/texmf-dist/tex/generic/iftex/iftex.sty
Package: iftex 2022/02/03 v1.0f TeX engine tests
) (c:/texlive/2021/texmf-dist/tex/generic/pdftexcmds/pdftexcmds.sty
Package: pdftexcmds 2020-06-27 v0.33 Utility functions of pdfTeX for LuaTeX (HO)
 (c:/texlive/2021/texmf-dist/tex/generic/infwarerr/infwarerr.sty
Package: infwarerr 2019/12/03 v1.5 Providing info/warning/error messages (HO)
)
Package pdftexcmds Info: \pdf@primitive is available.
Package pdftexcmds Info: \pdf@ifprimitive is available.
Package pdftexcmds Info: \pdfdraftmode found.
) (c:/texlive/2021/texmf-dist/tex/generic/kvsetkeys/kvsetkeys.sty
Package: kvsetkeys 2019/12/15 v1.18 Key value parser (HO)
) (c:/texlive/2021/texmf-dist/tex/generic/kvdefinekeys/kvdefinekeys.sty
Package: kvdefinekeys 2019-12-19 v1.6 Define keys (HO)
) (c:/texlive/2021/texmf-dist/tex/generic/pdfescape/pdfescape.sty
Package: pdfescape 2019/12/09 v1.15 Implements pdfTeX's escape features (HO)
) (c:/texlive/2021/texmf-dist/tex/latex/hycolor/hycolor.sty
Package: hycolor 2020-01-27 v1.10 Color options for hyperref/bookmark (HO)
) (c:/texlive/2021/texmf-dist/tex/latex/letltxmacro/letltxmacro.sty
Package: letltxmacro 2019/12/03 v1.6 Let assignment for LaTeX macros (HO)
) (c:/texlive/2021/texmf-dist/tex/latex/auxhook/auxhook.sty
Package: auxhook 2019-12-17 v1.6 Hooks for auxiliary files (HO)
) (c:/texlive/2021/texmf-dist/tex/latex/kvoptions/kvoptions.sty
Package: kvoptions 2020-10-07 v3.14 Key value format for package options (HO)
)
\@linkdim=\dimen172
\Hy@linkcounter=\count294
\Hy@pagecounter=\count295
 (c:/texlive/2021/texmf-dist/tex/latex/hyperref/pd1enc.def
File: pd1enc.def 2022-02-21 v7.00n Hyperref: PDFDocEncoding definition (HO)
Now handling font encoding PD1 ...
... no UTF-8 mapping file for font encoding PD1
) (c:/texlive/2021/texmf-dist/tex/generic/intcalc/intcalc.sty
Package: intcalc 2019/12/15 v1.3 Expandable calculations with integers (HO)
) (c:/texlive/2021/texmf-dist/tex/generic/etexcmds/etexcmds.sty
Package: etexcmds 2019/12/15 v1.7 Avoid name clashes with e-TeX commands (HO)
)
\Hy@SavedSpaceFactor=\count296
 (c:/texlive/2021/texmf-dist/tex/latex/hyperref/puenc.def
File: puenc.def 2022-02-21 v7.00n Hyperref: PDF Unicode definition (HO)
Now handling font encoding PU ...
... no UTF-8 mapping file for font encoding PU
)
Package hyperref Info: Option `unicode' set `true' on input line 4018.
Package hyperref Info: Hyper figures OFF on input line 4137.
Package hyperref Info: Link nesting OFF on input line 4142.
Package hyperref Info: Hyper index ON on input line 4145.
Package hyperref Info: Plain pages OFF on input line 4152.
Package hyperref Info: Backreferencing OFF on input line 4157.
Package hyperref Info: Implicit mode ON; LaTeX internals redefined.
Package hyperref Info: Bookmarks ON on input line 4390.
\c@Hy@tempcnt=\count297
 (c:/texlive/2021/texmf-dist/tex/latex/url/url.sty
\Urlmuskip=\muskip17
Package: url 2013/09/16  ver 3.4  Verb mode for urls, etc.
)
LaTeX Info: Redefining \url on input line 4749.
\XeTeXLinkMargin=\dimen173
 (c:/texlive/2021/texmf-dist/tex/generic/bitset/bitset.sty
Package: bitset 2019/12/09 v1.3 Handle bit-vector datatype (HO)
 (c:/texlive/2021/texmf-dist/tex/generic/bigintcalc/bigintcalc.sty
Package: bigintcalc 2019/12/15 v1.5 Expandable calculations on big integers (HO)
))
\Fld@menulength=\count298
\Field@Width=\dimen174
\Fld@charsize=\dimen175
Package hyperref Info: Hyper figures OFF on input line 6027.
Package hyperref Info: Link nesting OFF on input line 6032.
Package hyperref Info: Hyper index ON on input line 6035.
Package hyperref Info: backreferencing OFF on input line 6042.
Package hyperref Info: Link coloring OFF on input line 6047.
Package hyperref Info: Link coloring with OCG OFF on input line 6052.
Package hyperref Info: PDF/A mode OFF on input line 6057.
LaTeX Info: Redefining \ref on input line 6097.
LaTeX Info: Redefining \pageref on input line 6101.
 (c:/texlive/2021/texmf-dist/tex/latex/base/atbegshi-ltx.sty
Package: atbegshi-ltx 2021/01/10 v1.0c Emulation of the original atbegshi
package with kernel methods
)
\Hy@abspage=\count299
\c@Item=\count300
\c@Hfootnote=\count301
)
Package hyperref Info: Driver (autodetected): hpdftex.
 (c:/texlive/2021/texmf-dist/tex/latex/hyperref/hpdftex.def
File: hpdftex.def 2022-02-21 v7.00n Hyperref driver for pdfTeX
 (c:/texlive/2021/texmf-dist/tex/latex/base/atveryend-ltx.sty
Package: atveryend-ltx 2020/08/19 v1.0a Emulation of the original atveryend package
with kernel methods
)
\Fld@listcount=\count302
\c@bookmark@seq@number=\count303
 (c:/texlive/2021/texmf-dist/tex/latex/rerunfilecheck/rerunfilecheck.sty
Package: rerunfilecheck 2019/12/05 v1.9 Rerun checks for auxiliary files (HO)
 (c:/texlive/2021/texmf-dist/tex/generic/uniquecounter/uniquecounter.sty
Package: uniquecounter 2019/12/15 v1.4 Provide unlimited unique counter (HO)
)
Package uniquecounter Info: New unique counter `rerunfilecheck' on input line 286.
)
\Hy@SectionHShift=\skip59
)
Package hyperref Info: Option `breaklinks' set `true' on input line 656.
Package hyperref Info: Option `unicode' set `true' on input line 656.
Package hyperref Info: Option `bookmarksnumbered' set `true' on input line 656.
 (c:/texlive/2021/texmf-dist/tex/latex/caption/caption.sty
Package: caption 2022/02/28 v3.6a Customizing captions (AR)
 (c:/texlive/2021/texmf-dist/tex/latex/caption/caption3.sty
Package: caption3 2022/02/28 v2.3a caption3 kernel (AR)
\caption@tempdima=\dimen176
\captionmargin=\dimen177
\caption@leftmargin=\dimen178
\caption@rightmargin=\dimen179
\caption@width=\dimen180
\caption@indent=\dimen181
\caption@parindent=\dimen182
\caption@hangindent=\dimen183
Package caption Info: Standard document class detected.
)
\c@caption@flags=\count304
\c@continuedfloat=\count305
Package caption Info: hyperref package is loaded.
Package caption Info: listings package is loaded.
Package caption Info: threeparttable package is loaded.
) (c:/texlive/2021/texmf-dist/tex/latex/graphics/rotating.sty
Package: rotating 2016/08/11 v2.16d rotated objects in LaTeX
 (c:/texlive/2021/texmf-dist/tex/latex/base/ifthen.sty
Package: ifthen 2020/11/24 v1.1c Standard LaTeX ifthen package (DPC)
)
\c@r@tfl@t=\count306
\rotFPtop=\skip60
\rotFPbot=\skip61
\rot@float@box=\box60
\rot@mess@toks=\toks36
) (c:/texlive/2021/texmf-dist/tex/latex/caption/subcaption.sty
Package: subcaption 2022/01/07 v1.5 Sub-captions (AR)
\c@subfigure=\count307
\c@subtable=\count308
)
\c@author=\count309
\c@currentauthor=\count310
 (c:/texlive/2021/texmf-dist/tex/generic/xstring/xstring.sty (c:/texlive/2021/texmf-dist/tex/generic/xstring/xstring.tex
\integerpart=\count311
\decimalpart=\count312
)
Package: xstring 2021/07/21 v1.84 String manipulations (CT)
) (c:/texlive/2021/texmf-dist/tex/latex/comment/comment.sty
\CommentStream=\write4
 Excluding comment 'comment') Excluding comment 'CCSXML' (c:/texlive/2021/texmf-dist/tex/latex/amscls/amsthm.sty
Package: amsthm 2020/05/29 v2.20.6
\thm@style=\toks37
\thm@bodyfont=\toks38
\thm@headfont=\toks39
\thm@notefont=\toks40
\thm@headpunct=\toks41
\thm@preskip=\skip62
\thm@postskip=\skip63
\thm@headsep=\skip64
\dth@everypar=\toks42
) (c:/texlive/2021/texmf-dist/tex/latex/thmtools/thm-restate.sty
Package: thm-restate 2020/08/01 v0.72
 (c:/texlive/2021/texmf-dist/tex/latex/thmtools/thmtools.sty
Package: thmtools 2020/08/01 v0.72
\thmt@toks=\toks43
\c@thmt@dummyctr=\count313
 (c:/texlive/2021/texmf-dist/tex/latex/thmtools/thm-patch.sty
Package: thm-patch 2020/08/01 v0.72
 (c:/texlive/2021/texmf-dist/tex/latex/thmtools/parseargs.sty
Package: parseargs 2020/08/01 v0.72
\@parsespec=\toks44
)) (c:/texlive/2021/texmf-dist/tex/latex/thmtools/thm-kv.sty
Package: thm-kv 2020/08/01 v0.72
Package thm-kv Info: Theorem names will be uppercased on input line 42.
Package thm-kv Info: kvsetkeys patch (v1.16 or later) on input line 158.
) (c:/texlive/2021/texmf-dist/tex/latex/thmtools/thm-autoref.sty
Package: thm-autoref 2020/08/01 v0.72
 (c:/texlive/2021/texmf-dist/tex/latex/thmtools/aliasctr.sty
Package: aliasctr 2020/08/01 v0.72
)) (c:/texlive/2021/texmf-dist/tex/latex/thmtools/thm-listof.sty
Package: thm-listof 2020/08/01 v0.72
) (c:/texlive/2021/texmf-dist/tex/latex/thmtools/thm-amsthm.sty
Package: thm-amsthm 2020/08/01 v0.72
\thmt@style@headstyle=\toks45
))) (c:/texlive/2021/texmf-dist/tex/latex/cleveref/cleveref.sty
Package: cleveref 2018/03/27 v0.21.4 Intelligent cross-referencing
Package cleveref Info: `hyperref' support loaded on input line 2370.
LaTeX Info: Redefining \cref on input line 2370.
LaTeX Info: Redefining \Cref on input line 2370.
LaTeX Info: Redefining \crefrange on input line 2370.
LaTeX Info: Redefining \Crefrange on input line 2370.
LaTeX Info: Redefining \cpageref on input line 2370.
LaTeX Info: Redefining \Cpageref on input line 2370.
LaTeX Info: Redefining \cpagerefrange on input line 2370.
LaTeX Info: Redefining \Cpagerefrange on input line 2370.
LaTeX Info: Redefining \labelcref on input line 2370.
LaTeX Info: Redefining \labelcpageref on input line 2370.
Package cleveref Info: `amsthm' support loaded on input line 3026.
Package cleveref Info: `listings' support loaded on input line 3131.
Package cleveref Info: always capitalise cross-reference names on input line 7825.
Package cleveref Info: always capitalise cross-reference names on input line 7852.
Package cleveref Info: no abbreviation of names on input line 7852.
) (c:/texlive/2021/texmf-dist/tex/latex/oberdiek/aliascnt.sty
Package: aliascnt 2018/09/07 v1.5 Alias counters (HO)
)
\c@theorem=\count314
) (c:/texlive/2021/texmf-dist/tex/latex/booktabs/booktabs.sty
Package: booktabs 2020/01/12 v1.61803398 Publication quality tables
\heavyrulewidth=\dimen184
\lightrulewidth=\dimen185
\cmidrulewidth=\dimen186
\belowrulesep=\dimen187
\belowbottomsep=\dimen188
\aboverulesep=\dimen189
\abovetopsep=\dimen190
\cmidrulesep=\dimen191
\cmidrulekern=\dimen192
\defaultaddspace=\dimen193
\@cmidla=\count315
\@cmidlb=\count316
\@aboverulesep=\dimen194
\@belowrulesep=\dimen195
\@thisruleclass=\count317
\@lastruleclass=\count318
\@thisrulewidth=\dimen196
) (c:/texlive/2021/texmf-dist/tex/latex/tools/verbatim.sty
Package: verbatim 2020-07-07 v1.5u LaTeX2e package for verbatim enhancements
\every@verbatim=\toks46
\verbatim@line=\toks47
\verbatim@in@stream=\read3
) (c:/texlive/2021/texmf-dist/tex/latex/sectsty/sectsty.sty
Package: sectsty 2002/02/25 v2.0.2 Commands to change all sectional heading styles


LaTeX Warning: Command \underbar  has changed.
               Check if current package is valid.


LaTeX Warning: Command \underline  has changed.
               Check if current package is valid.

) (c:/texlive/2021/texmf-dist/tex/latex/qtree/qtree.sty
Package: 2008/12/12 v.3.1bQtree: tree-drawing for linguistics
Package: qtree 2008/12/12 v.3.1bQtree: tree-drawing for linguistics
(c:/texlive/2021/texmf-dist/tex/latex/pict2e/pict2e.sty
Package: pict2e 2020/09/30 v0.4b Improved picture commands (HjG,RN,JT)
 (c:/texlive/2021/texmf-dist/tex/latex/pict2e/pict2e.cfg
File: pict2e.cfg 2016/02/05 v0.1u pict2e configuration for teTeX/TeXLive
)
Package pict2e Info: Driver file: pdftex.def on input line 112.
Package pict2e Info: Driver file for pict2e: p2e-pdftex.def on input line 114.
 (c:/texlive/2021/texmf-dist/tex/latex/pict2e/p2e-pdftex.def
File: p2e-pdftex.def 2016/02/05 v0.1u Driver-dependant file (RN,HjG,JT)
)
\pIIe@GRAPH=\toks48
\@arclen=\dimen197
\@arcrad=\dimen198
\pIIe@tempdima=\dimen199
\pIIe@tempdimb=\dimen256
\pIIe@tempdimc=\dimen257
\pIIe@tempdimd=\dimen258
\pIIe@tempdime=\dimen259
\pIIe@tempdimf=\dimen260
)
\c@treecount=\count319
\c@branchcount=\count320
\parentbox=\box61
\treebox=\box62
\treeboxone=\box63
\treeboxtwo=\box64
\treeboxthree=\box65
\treeboxfour=\box66
\treeboxfive=\box67
\treeboxsix=\box68
\treeboxseven=\box69
\treeboxeight=\box70
\treeboxnine=\box71
\treeboxten=\box72
\treeboxeleven=\box73
\treeboxtwelve=\box74
\treeboxthirteen=\box75
\treeboxfourteen=\box76
\treeboxfifteen=\box77
\treeboxsixteen=\box78
\treeboxseventeen=\box79
\treeboxeighteen=\box80
\treeboxnineteen=\box81
\treeboxtwenty=\box82
\treeoffsetone=\skip65
\treeoffsettwo=\skip66
\treeoffsetthree=\skip67
\treeoffsetfour=\skip68
\treeoffsetfive=\skip69
\treeoffsetsix=\skip70
\treeoffsetseven=\skip71
\treeoffseteight=\skip72
\treeoffsetnine=\skip73
\treeoffsetten=\skip74
\treeoffseteleven=\skip75
\treeoffsettwelve=\skip76
\treeoffsetthirteen=\skip77
\treeoffsetfourteen=\skip78
\treeoffsetfifteen=\skip79
\treeoffsetsixteen=\skip80
\treeoffsetseventeen=\skip81
\treeoffseteighteen=\skip82
\treeoffsetnineteen=\skip83
\treeoffsettwenty=\skip84
\treeshiftone=\skip85
\treeshifttwo=\skip86
\treeshiftthree=\skip87
\treeshiftfour=\skip88
\treeshiftfive=\skip89
\treeshiftsix=\skip90
\treeshiftseven=\skip91
\treeshifteight=\skip92
\treeshiftnine=\skip93
\treeshiftten=\skip94
\treeshifteleven=\skip95
\treeshifttwelve=\skip96
\treeshiftthirteen=\skip97
\treeshiftfourteen=\skip98
\treeshiftfifteen=\skip99
\treeshiftsixteen=\skip100
\treeshiftseventeen=\skip101
\treeshifteighteen=\skip102
\treeshiftnineteen=\skip103
\treeshifttwenty=\skip104
\treewidthone=\skip105
\treewidthtwo=\skip106
\treewidththree=\skip107
\treewidthfour=\skip108
\treewidthfive=\skip109
\treewidthsix=\skip110
\treewidthseven=\skip111
\treewidtheight=\skip112
\treewidthnine=\skip113
\treewidthten=\skip114
\treewidtheleven=\skip115
\treewidthtwelve=\skip116
\treewidththirteen=\skip117
\treewidthfourteen=\skip118
\treewidthfifteen=\skip119
\treewidthsixteen=\skip120
\treewidthseventeen=\skip121
\treewidtheighteen=\skip122
\treewidthnineteen=\skip123
\treewidthtwenty=\skip124
\daughteroffsetone=\skip125
\daughteroffsettwo=\skip126
\daughteroffsetthree=\skip127
\daughteroffsetfour=\skip128
\branchwidthone=\skip129
\branchwidthtwo=\skip130
\branchwidththree=\skip131
\branchwidthfour=\skip132
\parentoffset=\skip133
\treeoffset=\skip134
\daughteroffset=\skip135
\branchwidth=\skip136
\parentwidth=\skip137
\treewidth=\skip138
\qta=\toks49
\qtb=\toks50
\nbranches=\count321
\qroofx=\count322
\qroofy=\count323
\@qrscratchbox=\box83
) (c:/texlive/2021/texmf-dist/tex/latex/cite/cite.sty
LaTeX Info: Redefining \cite on input line 302.
LaTeX Info: Redefining \nocite on input line 332.
Package: cite 2015/02/27  v 5.5
) (c:/texlive/2021/texmf-dist/tex/latex/enumitem/enumitem.sty
Package: enumitem 2019/06/20 v3.9 Customized lists
\labelindent=\skip139
\enit@outerparindent=\dimen261
\enit@toks=\toks51
\enit@inbox=\box84
\enit@count@id=\count324
\enitdp@description=\count325
)
\c@fact=\count326
 (c:/texlive/2021/texmf-dist/tex/latex/todonotes/todonotes.sty
Package: todonotes 2021/06/04 v1.1.5 Todonotes source and documentation.
Package: todonotes 2021/06/04
 (c:/texlive/2021/texmf-dist/tex/latex/xkeyval/xkeyval.sty
Package: xkeyval 2020/11/20 v2.8 package option processing (HA)
 (c:/texlive/2021/texmf-dist/tex/generic/xkeyval/xkeyval.tex (c:/texlive/2021/texmf-dist/tex/generic/xkeyval/xkvutils.tex
\XKV@toks=\toks52
\XKV@tempa@toks=\toks53
)
\XKV@depth=\count327
File: xkeyval.tex 2014/12/03 v2.7a key=value parser (HA)
)) (c:/texlive/2021/texmf-dist/tex/latex/xcolor/xcolor.sty
Package: xcolor 2021/10/31 v2.13 LaTeX color extensions (UK)
 (c:/texlive/2021/texmf-dist/tex/latex/graphics-cfg/color.cfg
File: color.cfg 2016/01/02 v1.6 sample color configuration
)
Package xcolor Info: Driver file: pdftex.def on input line 227.
LaTeX Info: Redefining \color on input line 711.
Package xcolor Info: Model `cmy' substituted by `cmy0' on input line 1352.
Package xcolor Info: Model `hsb' substituted by `rgb' on input line 1356.
Package xcolor Info: Model `RGB' extended on input line 1368.
Package xcolor Info: Model `HTML' substituted by `rgb' on input line 1370.
Package xcolor Info: Model `Hsb' substituted by `hsb' on input line 1371.
Package xcolor Info: Model `tHsb' substituted by `hsb' on input line 1372.
Package xcolor Info: Model `HSB' substituted by `hsb' on input line 1373.
Package xcolor Info: Model `Gray' substituted by `gray' on input line 1374.
Package xcolor Info: Model `wave' substituted by `hsb' on input line 1375.
) (c:/texlive/2021/texmf-dist/tex/latex/pgf/frontendlayer/tikz.sty (c:/texlive/2021/texmf-dist/tex/latex/pgf/basiclayer/pgf.sty (c:/texlive/2021/texmf-dist/tex/latex/pgf/utilities/pgfrcs.sty (c:/texlive/2021/texmf-dist/tex/generic/pgf/utilities/pgfutil-common.tex
\pgfutil@everybye=\toks54
\pgfutil@tempdima=\dimen262
\pgfutil@tempdimb=\dimen263
 (c:/texlive/2021/texmf-dist/tex/generic/pgf/utilities/pgfutil-common-lists.tex)) (c:/texlive/2021/texmf-dist/tex/generic/pgf/utilities/pgfutil-latex.def
\pgfutil@abb=\box85
) (c:/texlive/2021/texmf-dist/tex/generic/pgf/utilities/pgfrcs.code.tex (c:/texlive/2021/texmf-dist/tex/generic/pgf/pgf.revision.tex)
Package: pgfrcs 2021/05/15 v3.1.9a (3.1.9a)
))
Package: pgf 2021/05/15 v3.1.9a (3.1.9a)
 (c:/texlive/2021/texmf-dist/tex/latex/pgf/basiclayer/pgfcore.sty (c:/texlive/2021/texmf-dist/tex/latex/pgf/systemlayer/pgfsys.sty (c:/texlive/2021/texmf-dist/tex/generic/pgf/systemlayer/pgfsys.code.tex
Package: pgfsys 2021/05/15 v3.1.9a (3.1.9a)
 (c:/texlive/2021/texmf-dist/tex/generic/pgf/utilities/pgfkeys.code.tex
\pgfkeys@pathtoks=\toks55
\pgfkeys@temptoks=\toks56
 (c:/texlive/2021/texmf-dist/tex/generic/pgf/utilities/pgfkeysfiltered.code.tex
\pgfkeys@tmptoks=\toks57
))
\pgf@x=\dimen264
\pgf@y=\dimen265
\pgf@xa=\dimen266
\pgf@ya=\dimen267
\pgf@xb=\dimen268
\pgf@yb=\dimen269
\pgf@xc=\dimen270
\pgf@yc=\dimen271
\pgf@xd=\dimen272
\pgf@yd=\dimen273
\w@pgf@writea=\write5
\r@pgf@reada=\read4
\c@pgf@counta=\count328
\c@pgf@countb=\count329
\c@pgf@countc=\count330
\c@pgf@countd=\count331
\t@pgf@toka=\toks58
\t@pgf@tokb=\toks59
\t@pgf@tokc=\toks60
\pgf@sys@id@count=\count332
 (c:/texlive/2021/texmf-dist/tex/generic/pgf/systemlayer/pgf.cfg
File: pgf.cfg 2021/05/15 v3.1.9a (3.1.9a)
)
Driver file for pgf: pgfsys-pdftex.def
 (c:/texlive/2021/texmf-dist/tex/generic/pgf/systemlayer/pgfsys-pdftex.def
File: pgfsys-pdftex.def 2021/05/15 v3.1.9a (3.1.9a)
 (c:/texlive/2021/texmf-dist/tex/generic/pgf/systemlayer/pgfsys-common-pdf.def
File: pgfsys-common-pdf.def 2021/05/15 v3.1.9a (3.1.9a)
))) (c:/texlive/2021/texmf-dist/tex/generic/pgf/systemlayer/pgfsyssoftpath.code.tex
File: pgfsyssoftpath.code.tex 2021/05/15 v3.1.9a (3.1.9a)
\pgfsyssoftpath@smallbuffer@items=\count333
\pgfsyssoftpath@bigbuffer@items=\count334
) (c:/texlive/2021/texmf-dist/tex/generic/pgf/systemlayer/pgfsysprotocol.code.tex
File: pgfsysprotocol.code.tex 2021/05/15 v3.1.9a (3.1.9a)
)) (c:/texlive/2021/texmf-dist/tex/generic/pgf/basiclayer/pgfcore.code.tex
Package: pgfcore 2021/05/15 v3.1.9a (3.1.9a)
 (c:/texlive/2021/texmf-dist/tex/generic/pgf/math/pgfmath.code.tex (c:/texlive/2021/texmf-dist/tex/generic/pgf/math/pgfmathcalc.code.tex (c:/texlive/2021/texmf-dist/tex/generic/pgf/math/pgfmathutil.code.tex) (c:/texlive/2021/texmf-dist/tex/generic/pgf/math/pgfmathparser.code.tex
\pgfmath@dimen=\dimen274
\pgfmath@count=\count335
\pgfmath@box=\box86
\pgfmath@toks=\toks61
\pgfmath@stack@operand=\toks62
\pgfmath@stack@operation=\toks63
) (c:/texlive/2021/texmf-dist/tex/generic/pgf/math/pgfmathfunctions.code.tex (c:/texlive/2021/texmf-dist/tex/generic/pgf/math/pgfmathfunctions.basic.code.tex) (c:/texlive/2021/texmf-dist/tex/generic/pgf/math/pgfmathfunctions.trigonometric.code.tex) (c:/texlive/2021/texmf-dist/tex/generic/pgf/math/pgfmathfunctions.random.code.tex) (c:/texlive/2021/texmf-dist/tex/generic/pgf/math/pgfmathfunctions.comparison.code.tex) (c:/texlive/2021/texmf-dist/tex/generic/pgf/math/pgfmathfunctions.base.code.tex) (c:/texlive/2021/texmf-dist/tex/generic/pgf/math/pgfmathfunctions.round.code.tex) (c:/texlive/2021/texmf-dist/tex/generic/pgf/math/pgfmathfunctions.misc.code.tex) (c:/texlive/2021/texmf-dist/tex/generic/pgf/math/pgfmathfunctions.integerarithmetics.code.tex))) (c:/texlive/2021/texmf-dist/tex/generic/pgf/math/pgfmathfloat.code.tex
\c@pgfmathroundto@lastzeros=\count336
)) (c:/texlive/2021/texmf-dist/tex/generic/pgf/math/pgfint.code.tex) (c:/texlive/2021/texmf-dist/tex/generic/pgf/basiclayer/pgfcorepoints.code.tex
File: pgfcorepoints.code.tex 2021/05/15 v3.1.9a (3.1.9a)
\pgf@picminx=\dimen275
\pgf@picmaxx=\dimen276
\pgf@picminy=\dimen277
\pgf@picmaxy=\dimen278
\pgf@pathminx=\dimen279
\pgf@pathmaxx=\dimen280
\pgf@pathminy=\dimen281
\pgf@pathmaxy=\dimen282
\pgf@xx=\dimen283
\pgf@xy=\dimen284
\pgf@yx=\dimen285
\pgf@yy=\dimen286
\pgf@zx=\dimen287
\pgf@zy=\dimen288
) (c:/texlive/2021/texmf-dist/tex/generic/pgf/basiclayer/pgfcorepathconstruct.code.tex
File: pgfcorepathconstruct.code.tex 2021/05/15 v3.1.9a (3.1.9a)
\pgf@path@lastx=\dimen289
\pgf@path@lasty=\dimen290
) (c:/texlive/2021/texmf-dist/tex/generic/pgf/basiclayer/pgfcorepathusage.code.tex
File: pgfcorepathusage.code.tex 2021/05/15 v3.1.9a (3.1.9a)
\pgf@shorten@end@additional=\dimen291
\pgf@shorten@start@additional=\dimen292
) (c:/texlive/2021/texmf-dist/tex/generic/pgf/basiclayer/pgfcorescopes.code.tex
File: pgfcorescopes.code.tex 2021/05/15 v3.1.9a (3.1.9a)
\pgfpic=\box87
\pgf@hbox=\box88
\pgf@layerbox@main=\box89
\pgf@picture@serial@count=\count337
) (c:/texlive/2021/texmf-dist/tex/generic/pgf/basiclayer/pgfcoregraphicstate.code.tex
File: pgfcoregraphicstate.code.tex 2021/05/15 v3.1.9a (3.1.9a)
\pgflinewidth=\dimen293
) (c:/texlive/2021/texmf-dist/tex/generic/pgf/basiclayer/pgfcoretransformations.code.tex
File: pgfcoretransformations.code.tex 2021/05/15 v3.1.9a (3.1.9a)
\pgf@pt@x=\dimen294
\pgf@pt@y=\dimen295
\pgf@pt@temp=\dimen296
) (c:/texlive/2021/texmf-dist/tex/generic/pgf/basiclayer/pgfcorequick.code.tex
File: pgfcorequick.code.tex 2021/05/15 v3.1.9a (3.1.9a)
) (c:/texlive/2021/texmf-dist/tex/generic/pgf/basiclayer/pgfcoreobjects.code.tex
File: pgfcoreobjects.code.tex 2021/05/15 v3.1.9a (3.1.9a)
) (c:/texlive/2021/texmf-dist/tex/generic/pgf/basiclayer/pgfcorepathprocessing.code.tex
File: pgfcorepathprocessing.code.tex 2021/05/15 v3.1.9a (3.1.9a)
) (c:/texlive/2021/texmf-dist/tex/generic/pgf/basiclayer/pgfcorearrows.code.tex
File: pgfcorearrows.code.tex 2021/05/15 v3.1.9a (3.1.9a)
\pgfarrowsep=\dimen297
) (c:/texlive/2021/texmf-dist/tex/generic/pgf/basiclayer/pgfcoreshade.code.tex
File: pgfcoreshade.code.tex 2021/05/15 v3.1.9a (3.1.9a)
\pgf@max=\dimen298
\pgf@sys@shading@range@num=\count338
\pgf@shadingcount=\count339
) (c:/texlive/2021/texmf-dist/tex/generic/pgf/basiclayer/pgfcoreimage.code.tex
File: pgfcoreimage.code.tex 2021/05/15 v3.1.9a (3.1.9a)
 (c:/texlive/2021/texmf-dist/tex/generic/pgf/basiclayer/pgfcoreexternal.code.tex
File: pgfcoreexternal.code.tex 2021/05/15 v3.1.9a (3.1.9a)
\pgfexternal@startupbox=\box90
)) (c:/texlive/2021/texmf-dist/tex/generic/pgf/basiclayer/pgfcorelayers.code.tex
File: pgfcorelayers.code.tex 2021/05/15 v3.1.9a (3.1.9a)
) (c:/texlive/2021/texmf-dist/tex/generic/pgf/basiclayer/pgfcoretransparency.code.tex
File: pgfcoretransparency.code.tex 2021/05/15 v3.1.9a (3.1.9a)
) (c:/texlive/2021/texmf-dist/tex/generic/pgf/basiclayer/pgfcorepatterns.code.tex
File: pgfcorepatterns.code.tex 2021/05/15 v3.1.9a (3.1.9a)
) (c:/texlive/2021/texmf-dist/tex/generic/pgf/basiclayer/pgfcorerdf.code.tex
File: pgfcorerdf.code.tex 2021/05/15 v3.1.9a (3.1.9a)
))) (c:/texlive/2021/texmf-dist/tex/generic/pgf/modules/pgfmoduleshapes.code.tex
File: pgfmoduleshapes.code.tex 2021/05/15 v3.1.9a (3.1.9a)
\pgfnodeparttextbox=\box91
) (c:/texlive/2021/texmf-dist/tex/generic/pgf/modules/pgfmoduleplot.code.tex
File: pgfmoduleplot.code.tex 2021/05/15 v3.1.9a (3.1.9a)
) (c:/texlive/2021/texmf-dist/tex/latex/pgf/compatibility/pgfcomp-version-0-65.sty
Package: pgfcomp-version-0-65 2021/05/15 v3.1.9a (3.1.9a)
\pgf@nodesepstart=\dimen299
\pgf@nodesepend=\dimen300
) (c:/texlive/2021/texmf-dist/tex/latex/pgf/compatibility/pgfcomp-version-1-18.sty
Package: pgfcomp-version-1-18 2021/05/15 v3.1.9a (3.1.9a)
)) (c:/texlive/2021/texmf-dist/tex/latex/pgf/utilities/pgffor.sty (c:/texlive/2021/texmf-dist/tex/latex/pgf/utilities/pgfkeys.sty (c:/texlive/2021/texmf-dist/tex/generic/pgf/utilities/pgfkeys.code.tex)) (c:/texlive/2021/texmf-dist/tex/latex/pgf/math/pgfmath.sty (c:/texlive/2021/texmf-dist/tex/generic/pgf/math/pgfmath.code.tex)) (c:/texlive/2021/texmf-dist/tex/generic/pgf/utilities/pgffor.code.tex
Package: pgffor 2021/05/15 v3.1.9a (3.1.9a)
 (c:/texlive/2021/texmf-dist/tex/generic/pgf/math/pgfmath.code.tex)
\pgffor@iter=\dimen301
\pgffor@skip=\dimen302
\pgffor@stack=\toks64
\pgffor@toks=\toks65
)) (c:/texlive/2021/texmf-dist/tex/generic/pgf/frontendlayer/tikz/tikz.code.tex
Package: tikz 2021/05/15 v3.1.9a (3.1.9a)
 (c:/texlive/2021/texmf-dist/tex/generic/pgf/libraries/pgflibraryplothandlers.code.tex
File: pgflibraryplothandlers.code.tex 2021/05/15 v3.1.9a (3.1.9a)
\pgf@plot@mark@count=\count340
\pgfplotmarksize=\dimen303
)
\tikz@lastx=\dimen304
\tikz@lasty=\dimen305
\tikz@lastxsaved=\dimen306
\tikz@lastysaved=\dimen307
\tikz@lastmovetox=\dimen308
\tikz@lastmovetoy=\dimen309
\tikzleveldistance=\dimen310
\tikzsiblingdistance=\dimen311
\tikz@figbox=\box92
\tikz@figbox@bg=\box93
\tikz@tempbox=\box94
\tikz@tempbox@bg=\box95
\tikztreelevel=\count341
\tikznumberofchildren=\count342
\tikznumberofcurrentchild=\count343
\tikz@fig@count=\count344
 (c:/texlive/2021/texmf-dist/tex/generic/pgf/modules/pgfmodulematrix.code.tex
File: pgfmodulematrix.code.tex 2021/05/15 v3.1.9a (3.1.9a)
\pgfmatrixcurrentrow=\count345
\pgfmatrixcurrentcolumn=\count346
\pgf@matrix@numberofcolumns=\count347
)
\tikz@expandcount=\count348
 (c:/texlive/2021/texmf-dist/tex/generic/pgf/frontendlayer/tikz/libraries/tikzlibrarytopaths.code.tex
File: tikzlibrarytopaths.code.tex 2021/05/15 v3.1.9a (3.1.9a)
))) (c:/texlive/2021/texmf-dist/tex/generic/pgf/frontendlayer/tikz/libraries/tikzlibrarypositioning.code.tex
File: tikzlibrarypositioning.code.tex 2021/05/15 v3.1.9a (3.1.9a)
) (c:/texlive/2021/texmf-dist/tex/latex/tools/calc.sty
Package: calc 2017/05/25 v4.3 Infix arithmetic (KKT,FJ)
\calc@Acount=\count349
\calc@Bcount=\count350
\calc@Adimen=\dimen312
\calc@Bdimen=\dimen313
\calc@Askip=\skip140
\calc@Bskip=\skip141
LaTeX Info: Redefining \setlength on input line 80.
LaTeX Info: Redefining \addtolength on input line 81.
\calc@Ccount=\count351
\calc@Cskip=\skip142
)
\c@@todonotes@numberoftodonotes=\count352
) (c:/texlive/2021/texmf-dist/tex/latex/float/float.sty
Package: float 2001/11/08 v1.3d Float enhancements (AL)
\c@float@type=\count353
\float@exts=\toks66
\float@box=\box96
\@float@everytoks=\toks67
\@floatcapt=\box97
) (c:/texlive/2021/texmf-dist/tex/latex/tools/xspace.sty
Package: xspace 2014/10/28 v1.13 Space after command names (DPC,MH)
) (c:/texlive/2021/texmf-dist/tex/latex/mathtools/mathtools.sty
Package: mathtools 2022/02/07 v1.28a mathematical typesetting tools
 (c:/texlive/2021/texmf-dist/tex/latex/mathtools/mhsetup.sty
Package: mhsetup 2021/03/18 v1.4 programming setup (MH)
)
\g_MT_multlinerow_int=\count354
\l_MT_multwidth_dim=\dimen314
\origjot=\skip143
\l_MT_shortvdotswithinadjustabove_dim=\dimen315
\l_MT_shortvdotswithinadjustbelow_dim=\dimen316
\l_MT_above_intertext_sep=\dimen317
\l_MT_below_intertext_sep=\dimen318
\l_MT_above_shortintertext_sep=\dimen319
\l_MT_below_shortintertext_sep=\dimen320
\xmathstrut@box=\box98
\xmathstrut@dim=\dimen321
) (c:/texlive/2021/texmf-dist/tex/latex/bussproofs/bussproofs.sty
Proof Tree (bussproofs) style macros. Version 1.1.
\theLevel=\count355
\myMaxLevel=\count356
\myBoxA=\box99
\myBoxB=\box100
\myBoxC=\box101
\myBoxD=\box102
\myBoxLL=\box103
\myBoxRL=\box104
\thisAboveSkip=\dimen322
\thisBelowSkip=\dimen323
\newScoreStart=\dimen324
\newScoreEnd=\dimen325
\newCenter=\dimen326
\displace=\dimen327
\leftLowerAmt=\dimen328
\rightLowerAmt=\dimen329
\scoreHeight=\dimen330
\scoreDepth=\dimen331
\htLbox=\dimen332
\htRbox=\dimen333
\htRRbox=\dimen334
\htRRRbox=\dimen335
\htAbox=\dimen336
\htCbox=\dimen337
) (c:/texlive/2021/texmf-dist/tex/latex/stackengine/stackengine.sty
Package: stackengine 2021/07/22 v4.11\ Stacking text and objects in convenient ways
 (c:/texlive/2021/texmf-dist/tex/generic/listofitems/listofitems.sty (c:/texlive/2021/texmf-dist/tex/generic/listofitems/listofitems.tex
\loi_cnt_foreach_nest=\count357
\loi_nestcnt=\count358
)
Package: listofitems 2019/08/21 v1.63 Grab items in lists using user-specified sep char (CT)
)
\c@@stackindex=\count359
\@boxshift=\skip144
\stack@tmplength=\skip145
\temp@stkl=\skip146
\@stackedboxwidth=\skip147
\@addedbox=\box105
\@anchorbox=\box106
\@insetbox=\box107
\se@backgroundbox=\box108
\stackedbox=\box109
\@centerbox=\box110
\c@ROWcellindex@=\count360
) (c:/texlive/2021/texmf-dist/tex/latex/stmaryrd/stmaryrd.sty
Package: stmaryrd 1994/03/03 St Mary's Road symbol package
\symstmry=\mathgroup6
LaTeX Font Info:    Overwriting symbol font `stmry' in version `bold'
(Font)                  U/stmry/m/n --> U/stmry/b/n on input line 89.
) (c:/texlive/2021/texmf-dist/tex/latex/lkproof/proof.sty
\inferLineSkip=\dimen338
\inferLabelSkip=\dimen339
\@LeftOffset=\dimen340
\@RightOffset=\dimen341
\@SavedLeftOffset=\dimen342
\UpperWidth=\dimen343
\LowerWidth=\dimen344
\LowerHeight=\dimen345
\UpperLeftOffset=\dimen346
\UpperRightOffset=\dimen347
\UpperCenter=\dimen348
\LowerCenter=\dimen349
\UpperAdjust=\dimen350
\RuleAdjust=\dimen351
\LowerAdjust=\dimen352
\RuleWidth=\dimen353
\HLabelAdjust=\dimen354
\VLabelAdjust=\dimen355
\WidthAdjust=\dimen356
\@UpperPart=\box111
\@LowerPart=\box112
\@LabelPart=\box113
\ResultBox=\box114
) (c:/texlive/2021/texmf-dist/tex/generic/pgf/frontendlayer/tikz/libraries/tikzlibraryautomata.code.tex
File: tikzlibraryautomata.code.tex 2021/05/15 v3.1.9a (3.1.9a)
 (c:/texlive/2021/texmf-dist/tex/generic/pgf/frontendlayer/tikz/libraries/tikzlibraryshapes.multipart.code.tex
File: tikzlibraryshapes.multipart.code.tex 2021/05/15 v3.1.9a (3.1.9a)
 (c:/texlive/2021/texmf-dist/tex/generic/pgf/libraries/shapes/pgflibraryshapes.multipart.code.tex
File: pgflibraryshapes.multipart.code.tex 2021/05/15 v3.1.9a (3.1.9a)
\pgfnodepartlowerbox=\box115
\pgfnodeparttwobox=\box116
\pgfnodepartthreebox=\box117
\pgfnodepartfourbox=\box118
\pgfnodeparttwentybox=\box119
\pgfnodepartnineteenbox=\box120
\pgfnodeparteighteenbox=\box121
\pgfnodepartseventeenbox=\box122
\pgfnodepartsixteenbox=\box123
\pgfnodepartfifteenbox=\box124
\pgfnodepartfourteenbox=\box125
\pgfnodepartthirteenbox=\box126
\pgfnodeparttwelvebox=\box127
\pgfnodepartelevenbox=\box128
\pgfnodeparttenbox=\box129
\pgfnodepartninebox=\box130
\pgfnodeparteightbox=\box131
\pgfnodepartsevenbox=\box132
\pgfnodepartsixbox=\box133
\pgfnodepartfivebox=\box134
))) (c:/texlive/2021/texmf-dist/tex/generic/pgf/frontendlayer/tikz/libraries/tikzlibraryarrows.code.tex
File: tikzlibraryarrows.code.tex 2021/05/15 v3.1.9a (3.1.9a)
 (c:/texlive/2021/texmf-dist/tex/generic/pgf/libraries/pgflibraryarrows.code.tex
File: pgflibraryarrows.code.tex 2021/05/15 v3.1.9a (3.1.9a)
\arrowsize=\dimen357
)) (c:/texlive/2021/texmf-dist/tex/generic/pgf/frontendlayer/tikz/libraries/tikzlibrarypetri.code.tex
File: tikzlibrarypetri.code.tex 2021/05/15 v3.1.9a (3.1.9a)
) (c:/texlive/2021/texmf-dist/tex/latex/tocloft/tocloft.sty
Package: tocloft 2017/08/31 v2.3i parameterised ToC, etc., typesetting
Package tocloft Info: The document has section divisions on input line 51.
\cftparskip=\skip148
\cftbeforetoctitleskip=\skip149
\cftaftertoctitleskip=\skip150
\cftbeforepartskip=\skip151
\cftpartnumwidth=\skip152
\cftpartindent=\skip153
\cftbeforesecskip=\skip154
\cftsecindent=\skip155
\cftsecnumwidth=\skip156
\cftbeforesubsecskip=\skip157
\cftsubsecindent=\skip158
\cftsubsecnumwidth=\skip159
\cftbeforesubsubsecskip=\skip160
\cftsubsubsecindent=\skip161
\cftsubsubsecnumwidth=\skip162
\cftbeforeparaskip=\skip163
\cftparaindent=\skip164
\cftparanumwidth=\skip165
\cftbeforesubparaskip=\skip166
\cftsubparaindent=\skip167
\cftsubparanumwidth=\skip168
\cftbeforeloftitleskip=\skip169
\cftafterloftitleskip=\skip170
\cftbeforefigskip=\skip171
\cftfigindent=\skip172
\cftfignumwidth=\skip173
\cftbeforelottitleskip=\skip174
\cftafterlottitleskip=\skip175
\cftbeforetabskip=\skip176
\cfttabindent=\skip177
\cfttabnumwidth=\skip178
\cftbeforesubfigskip=\skip179
\cftsubfigindent=\skip180
\cftsubfignumwidth=\skip181
\cftbeforesubtabskip=\skip182
\cftsubtabindent=\skip183
\cftsubtabnumwidth=\skip184
) (./macro.sty

./macro.sty:26: LaTeX Error: Unicode character ≠ (U+2260)
               not set up for use with LaTeX.

See the LaTeX manual or LaTeX Companion for explanation.
Type  H <return>  for immediate help.
 ...                                              
                                                  
l.26 ≠
        
You may provide a definition with
\DeclareUnicodeCharacter 

) (c:/texlive/2021/texmf-dist/tex/generic/ulem/ulem.sty
\UL@box=\box135
\UL@hyphenbox=\box136
\UL@skip=\skip185
\UL@hook=\toks68
\UL@height=\dimen358
\UL@pe=\count361
\UL@pixel=\dimen359
\ULC@box=\box137
Package: ulem 2019/11/18
\ULdepth=\dimen360
) (./concur2021.aux)
\openout1 = `concur2021.aux'.

LaTeX Font Info:    Checking defaults for OML/cmm/m/it on input line 112.
LaTeX Font Info:    ... okay on input line 112.
LaTeX Font Info:    Checking defaults for OMS/cmsy/m/n on input line 112.
LaTeX Font Info:    ... okay on input line 112.
LaTeX Font Info:    Checking defaults for OT1/cmr/m/n on input line 112.
LaTeX Font Info:    ... okay on input line 112.
LaTeX Font Info:    Checking defaults for T1/cmr/m/n on input line 112.
LaTeX Font Info:    ... okay on input line 112.
LaTeX Font Info:    Checking defaults for TS1/cmr/m/n on input line 112.
LaTeX Font Info:    ... okay on input line 112.
LaTeX Font Info:    Checking defaults for OMX/cmex/m/n on input line 112.
LaTeX Font Info:    ... okay on input line 112.
LaTeX Font Info:    Checking defaults for U/cmr/m/n on input line 112.
LaTeX Font Info:    ... okay on input line 112.
LaTeX Font Info:    Checking defaults for PD1/pdf/m/n on input line 112.
LaTeX Font Info:    ... okay on input line 112.
LaTeX Font Info:    Checking defaults for PU/pdf/m/n on input line 112.
LaTeX Font Info:    ... okay on input line 112.
LaTeX Info: Redefining \microtypecontext on input line 112.
Package microtype Info: Applying patch `item' on input line 112.
Package microtype Info: Applying patch `toc' on input line 112.
Package microtype Info: Applying patch `eqnum' on input line 112.
Package microtype Info: Applying patch `footnote' on input line 112.
Package microtype Info: Generating PDF output.
Package microtype Info: Character protrusion enabled (level 2).
Package microtype Info: Using default protrusion set `alltext'.
Package microtype Info: Automatic font expansion enabled (level 2),
(microtype)             stretch: 20, shrink: 20, step: 1, non-selected.
Package microtype Info: Using default expansion set `alltext-nott'.
LaTeX Info: Redefining \showhyphens on input line 112.
Package microtype Info: No adjustment of tracking.
Package microtype Info: No adjustment of interword spacing.
Package microtype Info: No adjustment of character kerning.
 (c:/texlive/2021/texmf-dist/tex/latex/microtype/mt-cmr.cfg
File: mt-cmr.cfg 2013/05/19 v2.2 microtype config. file: Computer Modern Roman (RS)
)

Class Package 'enuitem' incompatible Warning: Don't use package 'enumitem'; Package enumerate preloaded! on input line 112.

(c:/texlive/2021/texmf-dist/tex/context/base/mkii/supp-pdf.mkii
[Loading MPS to PDF converter (version 2006.09.02).]
\scratchcounter=\count362
\scratchdimen=\dimen361
\scratchbox=\box138
\nofMPsegments=\count363
\nofMParguments=\count364
\everyMPshowfont=\toks69
\MPscratchCnt=\count365
\MPscratchDim=\dimen362
\MPnumerator=\count366
\makeMPintoPDFobject=\count367
\everyMPtoPDFconversion=\toks70
) (c:/texlive/2021/texmf-dist/tex/latex/epstopdf-pkg/epstopdf-base.sty
Package: epstopdf-base 2020-01-24 v2.11 Base part for package epstopdf
 (c:/texlive/2021/texmf-dist/tex/latex/grfext/grfext.sty
Package: grfext 2019/12/03 v1.3 Manage graphics extensions (HO)
)
Package epstopdf-base Info: Redefining graphics rule for `.eps' on input line 485.
Package grfext Info: Graphics extension search list:
(grfext)             [.pdf,.png,.jpg,.mps,.jpeg,.jbig2,.jb2,.PDF,.PNG,.JPG,.JPEG,.JBIG2,.JB2,.eps]
(grfext)             \AppendGraphicsExtensions on input line 504.
 (c:/texlive/2021/texmf-dist/tex/latex/latexconfig/epstopdf-sys.cfg
File: epstopdf-sys.cfg 2010/07/13 v1.3 Configuration of (r)epstopdf for TeX Live
))
\c@lstlisting=\count368
Package hyperref Info: Link coloring OFF on input line 112.
 (c:/texlive/2021/texmf-dist/tex/latex/hyperref/nameref.sty
Package: nameref 2021-04-02 v2.47 Cross-referencing by name of section
 (c:/texlive/2021/texmf-dist/tex/latex/refcount/refcount.sty
Package: refcount 2019/12/15 v3.6 Data extraction from label references (HO)
) (c:/texlive/2021/texmf-dist/tex/generic/gettitlestring/gettitlestring.sty
Package: gettitlestring 2019/12/15 v1.6 Cleanup title references (HO)
)
\c@section@level=\count369
)
LaTeX Info: Redefining \ref on input line 112.
LaTeX Info: Redefining \pageref on input line 112.
LaTeX Info: Redefining \nameref on input line 112.
\@outlinefile=\write6
\openout6 = `concur2021.out'.

Package caption Info: Begin \AtBeginDocument code.
Package caption Info: float package is loaded.
Package caption Info: rotating package is loaded.
Package caption Info: End \AtBeginDocument code.
LaTeX Font Info:    Trying to load font information for T1+lmss on input line 115.
 (c:/texlive/2021/texmf-dist/tex/latex/lm/t1lmss.fd
File: t1lmss.fd 2015/05/01 v1.6.1 Font defs for Latin Modern
)
Package microtype Info: Loading generic protrusion settings for font family
(microtype)             `lmss' (encoding: T1).
(microtype)             For optimal results, create family-specific settings.
(microtype)             See the microtype manual for details.
LaTeX Font Info:    Trying to load font information for OT1+lmr on input line 115.
 (c:/texlive/2021/texmf-dist/tex/latex/lm/ot1lmr.fd
File: ot1lmr.fd 2015/05/01 v1.6.1 Font defs for Latin Modern
)
LaTeX Font Info:    Trying to load font information for OML+lmm on input line 115.
 (c:/texlive/2021/texmf-dist/tex/latex/lm/omllmm.fd
File: omllmm.fd 2015/05/01 v1.6.1 Font defs for Latin Modern
)
LaTeX Font Info:    Trying to load font information for OMS+lmsy on input line 115.
 (c:/texlive/2021/texmf-dist/tex/latex/lm/omslmsy.fd
File: omslmsy.fd 2015/05/01 v1.6.1 Font defs for Latin Modern
)
LaTeX Font Info:    Trying to load font information for OMX+lmex on input line 115.
 (c:/texlive/2021/texmf-dist/tex/latex/lm/omxlmex.fd
File: omxlmex.fd 2015/05/01 v1.6.1 Font defs for Latin Modern
)
LaTeX Font Info:    External font `lmex10' loaded for size
(Font)              <10> on input line 115.
LaTeX Font Info:    External font `lmex10' loaded for size
(Font)              <7> on input line 115.
LaTeX Font Info:    External font `lmex10' loaded for size
(Font)              <5> on input line 115.
LaTeX Font Info:    Trying to load font information for U+msa on input line 115.
 (c:/texlive/2021/texmf-dist/tex/latex/amsfonts/umsa.fd
File: umsa.fd 2013/01/14 v3.01 AMS symbols A
) (c:/texlive/2021/texmf-dist/tex/latex/microtype/mt-msa.cfg
File: mt-msa.cfg 2006/02/04 v1.1 microtype config. file: AMS symbols (a) (RS)
)
LaTeX Font Info:    Trying to load font information for U+msb on input line 115.
 (c:/texlive/2021/texmf-dist/tex/latex/amsfonts/umsb.fd
File: umsb.fd 2013/01/14 v3.01 AMS symbols B
) (c:/texlive/2021/texmf-dist/tex/latex/microtype/mt-msb.cfg
File: mt-msb.cfg 2005/06/01 v1.0 microtype config. file: AMS symbols (b) (RS)
)
LaTeX Font Info:    Trying to load font information for U+stmry on input line 115.
 (c:/texlive/2021/texmf-dist/tex/latex/stmaryrd/Ustmry.fd)
LaTeX Font Info:    Trying to load font information for U+fontawesomefree1 on input line 115.
 (c:/texlive/2021/texmf-dist/tex/latex/fontawesome5/ufontawesomefree1.fd)
LaTeX Font Info:    Trying to load font information for U+fontawesomebrands1 on input line 115.
 (c:/texlive/2021/texmf-dist/tex/latex/fontawesome5/ufontawesomebrands1.fd)
LaTeX Font Info:    Font shape `U/fontawesomebrands1/solid/n' in size <9> not available
(Font)              Font shape `U/fontawesomebrands1/regular/n' tried instead on input line 115.
\openout3 = `concur2021.vtc'.

LaTeX Font Info:    External font `lmex10' loaded for size
(Font)              <9> on input line 128.
LaTeX Font Info:    External font `lmex10' loaded for size
(Font)              <6> on input line 128.


LaTeX Warning: Citation `DBLP:journals/sigops/Bochmann75' on page 1 undefined on input line 133.


LaTeX Warning: Citation `DBLP:journals/corr/abs-1901-09606' on page 1 undefined on input line 134.


LaTeX Warning: Citation `DBLP:journals/jacm/BrandZ83' on page 1 undefined on input line 135.


LaTeX Warning: Citation `EGM2012' on page 1 undefined on input line 137.


LaTeX Warning: Citation `FP-lmcs20' on page 1 undefined on input line 137.


LaTeX Warning: Citation `DBLP:conf/cav/BoigelotG96' on page 1 undefined on input line 137.


LaTeX Warning: Citation `GC-AF-SPI-IC-96' on page 1 undefined on input line 137.


LaTeX Warning: Citation `BDM-concur20' on page 1 undefined on input line 137.


LaTeX Warning: Citation `CF-icomp05' on page 1 undefined on input line 137.

<example-image-plain.pdf, id=20, 321.2pt x 240.9pt>
File: example-image-plain.pdf Graphic file (type pdf)
<use example-image-plain.pdf>
Package pdftex.def Info: example-image-plain.pdf  used on input line 149.
(pdftex.def)             Requested size: 39.99796pt x 13.99756pt.
LaTeX Font Info:    Trying to load font information for TS1+lmr on input line 149.
(c:/texlive/2021/texmf-dist/tex/latex/lm/ts1lmr.fd
File: ts1lmr.fd 2015/05/01 v1.6.1 Font defs for Latin Modern
)
<lipics-logo-bw.pdf, id=22, 591.44762pt x 144.42657pt>
File: lipics-logo-bw.pdf Graphic file (type pdf)
<use lipics-logo-bw.pdf>
Package pdftex.def Info: lipics-logo-bw.pdf  used on input line 149.
(pdftex.def)             Requested size: 64.00354pt x 14.0pt.
 [1.1

{c:/texlive/2021/texmf-var/fonts/map/pdftex/updmap/pdftex.map} <c:/texlive/2021/texmf-dist/tex/latex/mwe/example-image-plain.pdf> <./lipics-logo-bw.pdf>]

LaTeX Warning: Citation `DBLP:journals/iandc/LohreyM04' on page 2 undefined on input line 166.


LaTeX Warning: Citation `DBLP:conf/fossacs/LohreyM02' on page 2 undefined on input line 167.


LaTeX Warning: Citation `DBLP:conf/dlt/GenestMK04' on page 2 undefined on input line 167.


LaTeX Warning: Citation `GKM07' on page 2 undefined on input line 167.


LaTeX Warning: Citation `GKM07' on page 2 undefined on input line 170.


LaTeX Warning: Citation `kuske2014communicating' on page 2 undefined on input line 173.


LaTeX Warning: Citation `DBLP:journals/iandc/LohreyM04' on page 2 undefined on input line 173.


LaTeX Warning: Citation `HENRIKSEN20051' on page 2 undefined on input line 173.


LaTeX Warning: Citation `DBLP:conf/www/BasuB11' on page 2 undefined on input line 179.


LaTeX Warning: Citation `DBLP:conf/cav/BouajjaniEJQ18' on page 2 undefined on input line 183.


LaTeX Warning: Citation `DBLP:conf/fossacs/GiustoLL20' on page 2 undefined on input line 202.


LaTeX Warning: Citation `DBLP:conf/cav/BouajjaniEJQ18' on page 2 undefined on input line 209.


LaTeX Warning: Citation `DBLP:conf/cav/BouajjaniEJQ18' on page 2 undefined on input line 313.

[2.2]

LaTeX Warning: Citation `DBLP:conf/cav/BouajjaniEJQ18' on page 3 undefined on input line 321.


LaTeX Warning: Reference `fig:diagram_p2p' on page 3 undefined on input line 338.


LaTeX Warning: Reference `fig:diagram_mailbox_all' on page 3 undefined on input line 338.


LaTeX Warning: Citation `DBLP:conf/cav/BouajjaniEJQ18' on page 3 undefined on input line 338.


LaTeX Warning: Citation `DBLP:journals/corr/abs-1901-09606' on page 3 undefined on input line 338.

[3.3]
LaTeX Font Info:    Trying to load font information for OT1+lmss on input line 418.
 (c:/texlive/2021/texmf-dist/tex/latex/lm/ot1lmss.fd
File: ot1lmss.fd 2015/05/01 v1.6.1 Font defs for Latin Modern
)
Package microtype Info: Loading generic protrusion settings for font family
(microtype)             `lmss' (encoding: OT1).
(microtype)             For optimal results, create family-specific settings.
(microtype)             See the microtype manual for details.
Package hyperref Info: bookmark level for unknown example defaults to 0 on input line 426.
LaTeX Font Info:    External font `lmex10' loaded for size
(Font)              <8> on input line 451.


Package caption Warning: The option `hypcap=true' will be ignored for this
(caption)                particular \caption on input line 476.
See the caption package documentation for explanation.


LaTeX Warning: Citation `DBLP:conf/cav/BouajjaniEJQ18' on page 4 undefined on input line 510.


LaTeX Warning: Reference `ex:msc' on page 4 undefined on input line 515.


LaTeX Warning: Reference `ex:mailbox-msc' on page 4 undefined on input line 528.

Package hyperref Info: bookmark level for unknown lemma defaults to 0 on input line 546.
[4.4]
Package hyperref Info: bookmark level for unknown definition defaults to 0 on input line 572.


LaTeX Warning: Citation `CyriacG14' on page 5 undefined on input line 593.


LaTeX Warning: Citation `DBLP:conf/cav/BouajjaniEJQ18' on page 5 undefined on input line 613.


LaTeX Warning: Citation `DBLP:conf/fossacs/GiustoLL20' on page 5 undefined on input line 613.


LaTeX Warning: Reference `lem:mb-prefix' on page 5 undefined on input line 618.


LaTeX Warning: Reference `fig:system_weak_univer' on page 5 undefined on input line 627.


LaTeX Warning: Reference `fig:msc_weak_univer' on page 5 undefined on input line 627.


LaTeX Warning: Citation `DBLP:conf/cav/BouajjaniEJQ18' on page 5 undefined on input line 678.


LaTeX Warning: Citation `DBLP:conf/cav/BouajjaniEJQ18' on page 5 undefined on input line 681.


LaTeX Warning: Citation `DBLP:conf/fossacs/GiustoLL20' on page 5 undefined on input line 683.

[5.5]

LaTeX Warning: Reference `fig:msc_weak_univer' on page 6 undefined on input line 737.


LaTeX Warning: Reference `fig:msc_strong_exist' on page 6 undefined on input line 739.

[6.6]

LaTeX Warning: Citation `DBLP:journals/corr/abs-1904-06942' on page 7 undefined on input line 772.


LaTeX Warning: Citation `BolligFG21' on page 7 undefined on input line 772.


LaTeX Warning: Citation `Streett81' on page 7 undefined on input line 772.


LaTeX Warning: Reference `fig:sem-lcpdl' on page 7 undefined on input line 782.


Overfull \hbox (4.50447pt too wide) in paragraph at lines 791--804
 []$[]$ 
 []


LaTeX Warning: Citation `Courcelle10' on page 7 undefined on input line 815.


LaTeX Warning: Citation `MadhusudanP11' on page 7 undefined on input line 819.


LaTeX Warning: Citation `DBLP:conf/concur/CyriacGK12' on page 7 undefined on input line 819.


LaTeX Warning: Citation `AiswaryaGK14' on page 7 undefined on input line 819.


LaTeX Warning: Citation `DBLP:journals/corr/abs-1904-06942' on page 7 undefined on input line 822.

[7.7]

LaTeX Warning: Citation `DBLP:journals/corr/abs-1904-06942' on page 8 undefined on input line 853.

Package hyperref Info: bookmark level for unknown fact defaults to 0 on input line 853.

LaTeX Warning: Citation `DBLP:journals/jacm/BrandZ83' on page 8 undefined on input line 865.


LaTeX Warning: Citation `DBLP:journals/corr/abs-1904-06942' on page 8 undefined on input line 875.


LaTeX Warning: Citation `DBLP:journals/corr/abs-1904-06942' on page 8 undefined on input line 881.

Package hyperref Info: bookmark level for unknown theorem defaults to 0 on input line 892.
[8.8]

LaTeX Warning: Citation `GKM07' on page 9 undefined on input line 940.


LaTeX Warning: Reference `lem:continuous' on page 9 undefined on input line 965.


LaTeX Warning: Reference `p2p' on page 9 undefined on input line 967.


LaTeX Warning: Reference `mailbox' on page 9 undefined on input line 967.

Package hyperref Info: bookmark level for unknown remark defaults to 0 on input line 971.

LaTeX Warning: Reference `sec:concrete-classes' on page 9 undefined on input line 971.


LaTeX Warning: Reference `table:summary' on page 9 undefined on input line 986.

Package microtype Info: Character `029' is missing
(microtype)             in font `T1/lmr/m/sc/9'.
(microtype)             Ignoring protrusion settings for this character.

LaTeX Warning: Reference `thm:p2p-weak-sync' on page 9 undefined on input line 995.


LaTeX Warning: Reference `thm:mailbox-weak-sync' on page 9 undefined on input line 995.


LaTeX Warning: Citation `DBLP:conf/cav/BouajjaniEJQ18' on page 9 undefined on input line 997.


LaTeX Warning: Citation `DBLP:conf/fossacs/GiustoLL20' on page 9 undefined on input line 997.


LaTeX Warning: Reference `thm:weak-sync' on page 9 undefined on input line 997.


LaTeX Warning: Reference `thm:strong-sync' on page 9 undefined on input line 999.


LaTeX Warning: Citation `GKM07' on page 9 undefined on input line 1001.


LaTeX Warning: Reference `prop:exist-k-mailbox-bounded' on page 9 undefined on input line 1003.


LaTeX Warning: Citation `DBLP:conf/cav/BouajjaniEJQ18' on page 9 undefined on input line 1011.


LaTeX Warning: Citation `DBLP:conf/fossacs/GiustoLL20' on page 9 undefined on input line 1011.

[9.9]

LaTeX Warning: Reference `fig:msc_W' on page 10 undefined on input line 1037.


LaTeX Warning: Citation `DBLP:conf/fossacs/GiustoLL20' on page 10 undefined on input line 1040.


Package caption Warning: The option `hypcap=true' will be ignored for this
(caption)                particular \caption on input line 1079.
See the caption package documentation for explanation.


Overfull \hbox (2.2222pt too wide) in paragraph at lines 1031--1083
$[]$ $[]$ 
 []

Package hyperref Info: bookmark level for unknown proposition defaults to 0 on input line 1089.

LaTeX Warning: Reference `prop:newweaklogiccg' on page 10 undefined on input line 1093.

Package hyperref Info: bookmark level for unknown corollary defaults to 0 on input line 1099.
[10.10]

LaTeX Warning: Reference `cor:weak-sync-lcpdl' on page 11 undefined on input line 1158.


LaTeX Warning: Reference `prop:new-weak-logic-bounded' on page 11 undefined on input line 1161.


LaTeX Warning: Reference `lem:continuous' on page 11 undefined on input line 1165.


LaTeX Warning: Reference `mailbox' on page 11 undefined on input line 1171.

LaTeX Font Info:    Calculating math sizes for size <10.5> on input line 1187.
LaTeX Font Info:    External font `lmex10' loaded for size
(Font)              <10.5> on input line 1187.
LaTeX Font Info:    External font `lmex10' loaded for size
(Font)              <7.34996> on input line 1187.
LaTeX Font Info:    External font `lmex10' loaded for size
(Font)              <5.25> on input line 1187.

LaTeX Font Warning: Font shape `U/stmry/m/n' in size <10.5> not available
(Font)              size <10.95> substituted on input line 1187.


Package hyperref Warning: Token not allowed in a PDF string (Unicode):
(hyperref)                removing `math shift' on input line 1187.


Package hyperref Warning: Token not allowed in a PDF string (Unicode):
(hyperref)                removing `math shift' on input line 1187.


LaTeX Warning: Citation `DBLP:conf/cav/BouajjaniEJQ18' on page 11 undefined on input line 1201.


LaTeX Warning: Citation `DBLP:conf/fossacs/GiustoLL20' on page 11 undefined on input line 1201.


LaTeX Warning: Reference `fig:msc_weak_S_exist' on page 11 undefined on input line 1214.


LaTeX Warning: Reference `fig:msc_weak_univer' on page 11 undefined on input line 1220.


Package caption Warning: The option `hypcap=true' will be ignored for this
(caption)                particular \caption on input line 1252.
See the caption package documentation for explanation.


LaTeX Warning: Citation `DBLP:conf/fossacs/GiustoLL20' on page 11 undefined on input line 1270.

[11.11]

LaTeX Warning: Citation `DBLP:conf/cav/BouajjaniEJQ18' on page 12 undefined on input line 1286.


LaTeX Warning: Citation `DBLP:conf/fossacs/GiustoLL20' on page 12 undefined on input line 1286.


LaTeX Warning: Reference `thm:mailbox-weak-sync' on page 12 undefined on input line 1294.


LaTeX Warning: Reference `prop:weak-logic-bounded' on page 12 undefined on input line 1297.


LaTeX Warning: Reference `prop:kweakstw' on page 12 undefined on input line 1299.


LaTeX Warning: Reference `lem:continuous' on page 12 undefined on input line 1303.


LaTeX Warning: Reference `p2p' on page 12 undefined on input line 1307.


LaTeX Warning: Reference `mailbox' on page 12 undefined on input line 1307.


LaTeX Warning: Reference `thm:weak-sync' on page 12 undefined on input line 1317.


LaTeX Warning: Citation `DBLP:conf/cav/BouajjaniEJQ18' on page 12 undefined on input line 1318.


LaTeX Warning: Citation `DLL2021' on page 12 undefined on input line 1323.


Package hyperref Warning: Token not allowed in a PDF string (Unicode):
(hyperref)                removing `math shift' on input line 1381.


Package hyperref Warning: Token not allowed in a PDF string (Unicode):
(hyperref)                removing `math shift' on input line 1381.


LaTeX Warning: Reference `fig:msc_strong_exist' on page 12 undefined on input line 1399.


LaTeX Warning: Reference `fig:msc_weak_S_exist' on page 12 undefined on input line 1404.


LaTeX Warning: Reference `fig:msc_weak_univer' on page 12 undefined on input line 1407.

(./msc_strong_exist.tex

Package caption Warning: The option `hypcap=true' will be ignored for this
(caption)                particular \caption on input line 24.
See the caption package documentation for explanation.

) [12.12]

LaTeX Warning: Reference `def:strongksync' on page 13 undefined on input line 1449.


LaTeX Warning: Reference `app:stronglykp2p' on page 13 undefined on input line 1452.


Package hyperref Warning: Token not allowed in a PDF string (Unicode):
(hyperref)                removing `math shift' on input line 1474.


Package hyperref Warning: Token not allowed in a PDF string (Unicode):
(hyperref)                removing `math shift' on input line 1474.


LaTeX Warning: Citation `DBLP:conf/fossacs/LohreyM02' on page 13 undefined on input line 1476.


LaTeX Warning: Citation `DBLP:conf/dlt/GenestMK04' on page 13 undefined on input line 1476.


LaTeX Warning: Citation `GKM07' on page 13 undefined on input line 1476.


LaTeX Warning: Citation `GKM07' on page 13 undefined on input line 1477.


LaTeX Warning: Reference `fig:msc_exist' on page 13 undefined on input line 1499.

(./Appendix-Sec5/msc_exist.tex

Package caption Warning: The option `hypcap=true' will be ignored for this
(caption)                particular \caption on input line 51.
See the caption package documentation for explanation.

)
Overfull \hbox (2.22221pt too wide) in paragraph at lines 1495--1517
$[]$ $[]$ 
 []

[13.13]

LaTeX Warning: Citation `GKM07' on page 14 undefined on input line 1568.


LaTeX Warning: Citation `HENRIKSEN20051' on page 14 undefined on input line 1568.


LaTeX Warning: Citation `DBLP:conf/fossacs/LohreyM02' on page 14 undefined on input line 1568.


LaTeX Warning: Reference `appendix:section4' on page 14 undefined on input line 1568.


LaTeX Warning: Reference `fig:diagram_p2p' on page 14 undefined on input line 1582.


LaTeX Warning: Reference `fig:diagram_mailbox_all' on page 14 undefined on input line 1582.


LaTeX Warning: Reference `appendix:comparison' on page 14 undefined on input line 1583.


LaTeX Warning: Reference `appendix:existentiallyptop' on page 14 undefined on input line 1584.


LaTeX Warning: Reference `appendix:universally' on page 14 undefined on input line 1584.


LaTeX Warning: Citation `DBLP:journals/corr/abs-1901-09606' on page 14 undefined on input line 1594.


LaTeX Warning: Reference `rem:stronglykp2p' on page 14 undefined on input line 1610.


Overfull \hbox (0.67496pt too wide) in paragraph at lines 1720--1720
[][]$\U/msa/m/n/10 I$[] \T1/lmss/bx/n/10 (-20) Pro-pos-i-tion 39. []\T1/lmr/m/it/10 (-20) Every weakly $\OML/lmm/m/it/10 k$\T1/lmr/m/it/10 (-20) -synchro-nous MSC is ex-ist-en-tially $\OML/lmm/m/it/10 k$\T1/lmr/m/it/10 (-20) -p2p-bounded. Moreover,
 []

[14.14]

LaTeX Warning: Reference `thm:sync' on page 15 undefined on input line 1739.


LaTeX Warning: Citation `DBLP:conf/icalp/FinkelL17' on page 15 undefined on input line 1739.


LaTeX Warning: Citation `DLL2021' on page 15 undefined on input line 1741.


LaTeX Warning: Citation `DBLP:journals/corr/abs-1901-09606' on page 15 undefined on input line 1743.

No file concur2021.bbl.
[15.15]

LaTeX Warning: Reference `lem:mb-prefix' on page 16 undefined on input line 1756.


LaTeX Warning: Reference `mailbox' on page 16 undefined on input line 1777.


LaTeX Warning: Reference `p2p' on page 16 undefined on input line 1789.


LaTeX Warning: Reference `lem:continuous2' on page 16 undefined on input line 1795.


LaTeX Warning: Reference `prop:newweaklogiccg' on page 16 undefined on input line 1845.

[16.16

]

LaTeX Warning: Reference `cor:weak-sync-lcpdl' on page 17 undefined on input line 1863.


LaTeX Warning: Reference `thm:p2p-weak-sync' on page 17 undefined on input line 1885.

[17.17]

LaTeX Warning: Reference `prop:weak-logic-bounded' on page 18 undefined on input line 1944.

[18.18]

LaTeX Warning: Reference `prop:kweakstw' on page 19 undefined on input line 1958.


LaTeX Warning: Reference `prop:strong-logic-bounded' on page 19 undefined on input line 1974.


LaTeX Warning: Citation `DBLP:conf/fossacs/GiustoLL20' on page 19 undefined on input line 1975.


LaTeX Warning: Citation `DBLP:conf/fossacs/GiustoLL20' on page 19 undefined on input line 1975.


LaTeX Warning: Reference `fig:extrules' on page 19 undefined on input line 1975.


LaTeX Warning: Reference `sec:strong-sync' on page 19 undefined on input line 1977.


Overfull \hbox (12.20795pt too wide) detected at line 1993
[]
 []

[19.19] (./strongly-k-sync.tex

LaTeX Warning: Reference `th:scccharactweak' on page 20 undefined on input line 8.

[20.20] [21.21])

LaTeX Warning: Reference `prop:exist-k-mailbox-bounded' on page 22 undefined on input line 2008.

(./exists-k-mailbox-lemma.tex

LaTeX Font Warning: Command \tiny invalid in math mode on input line 1.


LaTeX Font Warning: Command \tiny invalid in math mode on input line 1.


LaTeX Font Warning: Command \tiny invalid in math mode on input line 1.


LaTeX Font Warning: Command \tiny invalid in math mode on input line 1.


LaTeX Font Warning: Command \tiny invalid in math mode on input line 9.


LaTeX Font Warning: Command \tiny invalid in math mode on input line 9.


LaTeX Font Warning: Command \tiny invalid in math mode on input line 20.


LaTeX Font Warning: Command \tiny invalid in math mode on input line 20.


LaTeX Font Warning: Command \tiny invalid in math mode on input line 22.


LaTeX Font Warning: Command \tiny invalid in math mode on input line 22.


LaTeX Font Warning: Command \tiny invalid in math mode on input line 26.


LaTeX Font Warning: Command \tiny invalid in math mode on input line 26.


LaTeX Font Warning: Command \tiny invalid in math mode on input line 26.


LaTeX Font Warning: Command \tiny invalid in math mode on input line 26.


LaTeX Font Warning: Command \tiny invalid in math mode on input line 29.


LaTeX Font Warning: Command \tiny invalid in math mode on input line 29.


LaTeX Font Warning: Command \tiny invalid in math mode on input line 30.


LaTeX Font Warning: Command \tiny invalid in math mode on input line 30.


LaTeX Font Warning: Command \tiny invalid in math mode on input line 45.


LaTeX Font Warning: Command \tiny invalid in math mode on input line 45.

) [22.22] (./appendix-exists-k-mailbox-bounded.tex

LaTeX Warning: Reference `prop:exists-k-p2p-bounded' on page 23 undefined on input line 5.


LaTeX Warning: Reference `lem:exists-k-mailbox-acyclicity-condition' on page 23 undefined on input line 11.


LaTeX Font Warning: Command \tiny invalid in math mode on input line 12.


LaTeX Font Warning: Command \tiny invalid in math mode on input line 12.


LaTeX Font Warning: Command \tiny invalid in math mode on input line 15.


LaTeX Font Warning: Command \tiny invalid in math mode on input line 15.


LaTeX Font Warning: Command \tiny invalid in math mode on input line 31.


LaTeX Font Warning: Command \tiny invalid in math mode on input line 31.


LaTeX Font Warning: Command \tiny invalid in math mode on input line 33.


LaTeX Font Warning: Command \tiny invalid in math mode on input line 33.


LaTeX Font Warning: Command \tiny invalid in math mode on input line 33.


LaTeX Font Warning: Command \tiny invalid in math mode on input line 33.


LaTeX Font Warning: Command \tiny invalid in math mode on input line 35.


LaTeX Font Warning: Command \tiny invalid in math mode on input line 35.

)

Package hyperref Warning: Token not allowed in a PDF string (Unicode):
(hyperref)                removing `math shift' on input line 2026.


Package hyperref Warning: Token not allowed in a PDF string (Unicode):
(hyperref)                removing `math shift' on input line 2026.


LaTeX Warning: Citation `DBLP:journals/iandc/LohreyM04' on page 23 undefined on input line 2046.


LaTeX Warning: Citation `DBLP:journals/corr/abs-1904-06942' on page 23 undefined on input line 2049.


LaTeX Warning: Reference `thm:weak-sync' on page 23 undefined on input line 2062.


LaTeX Warning: Reference `prop:exists-k-p2p-bounded' on page 23 undefined on input line 2063.


LaTeX Warning: Citation `GKM07' on page 23 undefined on input line 2067.


LaTeX Warning: Citation `kuske2014communicating' on page 23 undefined on input line 2067.


LaTeX Warning: Citation `GKM07' on page 23 undefined on input line 2068.


LaTeX Warning: Citation `kuske2014communicating' on page 23 undefined on input line 2068.

[23.23]

LaTeX Warning: Reference `section:comparison' on page 24 undefined on input line 2080.

(./Appendix-Sec5/appendix-comparison.tex (./Appendix-Sec5/proof_strong_equal_weak_ptop.tex

LaTeX Warning: Reference `rem:stronglykp2p' on page 24 undefined on input line 1.

) (./Appendix-Sec5/proof_synchro_in_exists.tex [24.24]) (./Appendix-Sec5/proof_weak_univer_uweak.tex [25.25])

LaTeX Warning: Reference `proposition:strong_equal_weak_p2p' on page 26 undefined on input line 35.

[26.26]

LaTeX Warning: Reference `fig:system_exist' on page 27 undefined on input line 39.


LaTeX Warning: Reference `fig:msc_exist' on page 27 undefined on input line 39.

(./Appendix-Sec5/system_exist.tex

Package caption Warning: The option `hypcap=true' will be ignored for this
(caption)                particular \caption on input line 73.
See the caption package documentation for explanation.

)

LaTeX Warning: Reference `proposition:synchro_in_exists' on page 27 undefined on input line 53.


LaTeX Warning: Reference `fig:system_W_S_exist' on page 27 undefined on input line 56.

(./Appendix-Sec5/system_W_S_exist.tex

Package caption Warning: The option `hypcap=true' will be ignored for this
(caption)                particular \caption on input line 25.
See the caption package documentation for explanation.

) (./Appendix-Sec5/msc_W_S_Exist.tex

Package caption Warning: The option `hypcap=true' will be ignored for this
(caption)                particular \caption on input line 27.
See the caption package documentation for explanation.

)

LaTeX Warning: Reference `fig:system_W_S' on page 27 undefined on input line 76.


LaTeX Warning: Reference `fig:msc_W_S' on page 27 undefined on input line 78.

(./Appendix-Sec5/system_W_S.tex

Package caption Warning: The option `hypcap=true' will be ignored for this
(caption)                particular \caption on input line 27.
See the caption package documentation for explanation.

) (./Appendix-Sec5/msc_W_S.tex

Package caption Warning: The option `hypcap=true' will be ignored for this
(caption)                particular \caption on input line 27.
See the caption package documentation for explanation.

)
Underfull \vbox (badness 3989) has occurred while \output is active []

 [27.27]

LaTeX Warning: Reference `fig:system_univer' on page 28 undefined on input line 91.


LaTeX Warning: Reference `fig:msc_univer' on page 28 undefined on input line 92.

(./Appendix-Sec5/system_univer.tex

Package caption Warning: The option `hypcap=true' will be ignored for this
(caption)                particular \caption on input line 31.
See the caption package documentation for explanation.

) (./Appendix-Sec5/msc_univer.tex

Package caption Warning: The option `hypcap=true' will be ignored for this
(caption)                particular \caption on input line 27.
See the caption package documentation for explanation.

)

LaTeX Warning: Reference `proposition:weak_univer_uweak' on page 28 undefined on input line 112.


LaTeX Warning: Reference `fig:system_weak_univer' on page 28 undefined on input line 115.


LaTeX Warning: Reference `fig:msc_weak_S_exist' on page 28 undefined on input line 120.

(./Appendix-Sec5/system_weak_S_exist.tex

Package caption Warning: The option `hypcap=true' will be ignored for this
(caption)                particular \caption on input line 62.
See the caption package documentation for explanation.

)

LaTeX Warning: Reference `fig:diagram_mailbox_all' on page 28 undefined on input line 129.

[28.28]

LaTeX Warning: Reference `fig:system_exist' on page 29 undefined on input line 133.


LaTeX Warning: Reference `fig:msc_exist' on page 29 undefined on input line 133.


LaTeX Warning: Reference `fig:system_W_S' on page 29 undefined on input line 134.


LaTeX Warning: Reference `fig:msc_W_S' on page 29 undefined on input line 134.


LaTeX Warning: Reference `fig:system_W' on page 29 undefined on input line 135.


LaTeX Warning: Reference `fig:msc_W' on page 29 undefined on input line 135.

(./Appendix-Sec5/system_W.tex

Package caption Warning: The option `hypcap=true' will be ignored for this
(caption)                particular \caption on input line 45.
See the caption package documentation for explanation.

)

LaTeX Warning: Reference `fig:system_univer' on page 29 undefined on input line 155.


LaTeX Warning: Reference `fig:msc_univer' on page 29 undefined on input line 155.


LaTeX Warning: Reference `fig:system_weak' on page 29 undefined on input line 157.


LaTeX Warning: Reference `fig:msc_weak' on page 29 undefined on input line 158.

(./Appendix-Sec5/system_weak.tex

Package caption Warning: The option `hypcap=true' will be ignored for this
(caption)                particular \caption on input line 88.
See the caption package documentation for explanation.


Overfull \hbox (38.18767pt too wide) in paragraph at lines 87--88
 [] 
 []

) (./Appendix-Sec5/msc_weak.tex

Package caption Warning: The option `hypcap=true' will be ignored for this
(caption)                particular \caption on input line 37.
See the caption package documentation for explanation.

)
Underfull \vbox (badness 10000) has occurred while \output is active []

 [29.29]

LaTeX Warning: Reference `proposition:weak_univer_uweak' on page 30 undefined on input line 178.


LaTeX Warning: Reference `fig:system_W_exist' on page 30 undefined on input line 180.

(./Appendix-Sec5/system_W_exist.tex

Package caption Warning: The option `hypcap=true' will be ignored for this
(caption)                particular \caption on input line 42.
See the caption package documentation for explanation.


Overfull \hbox (2.77826pt too wide) in paragraph at lines 41--42
 [] 
 []

) (./Appendix-Sec5/msc_W_exist.tex

Package caption Warning: The option `hypcap=true' will be ignored for this
(caption)                particular \caption on input line 36.
See the caption package documentation for explanation.

)

LaTeX Warning: Reference `fig:system_weak_exist' on page 30 undefined on input line 192.

(./Appendix-Sec5/system_weak_exist.tex

Package caption Warning: The option `hypcap=true' will be ignored for this
(caption)                particular \caption on input line 41.
See the caption package documentation for explanation.


Overfull \hbox (2.77826pt too wide) in paragraph at lines 40--41
 [] 
 []

) (./Appendix-Sec5/msc_weak_exist.tex

Package caption Warning: The option `hypcap=true' will be ignored for this
(caption)                particular \caption on input line 36.
See the caption package documentation for explanation.

)

LaTeX Warning: Reference `fig:system_weak_univer' on page 30 undefined on input line 204.


LaTeX Warning: Reference `proposition:synchro_in_exists' on page 30 undefined on input line 215.


LaTeX Warning: Reference `fig:system_strong_exist' on page 30 undefined on input line 217.


LaTeX Warning: Reference `fig:msc_strong_exist' on page 30 undefined on input line 218.


LaTeX Warning: Reference `fig:system_strong_univer' on page 30 undefined on input line 220.

[30.30] (./Appendix-Sec5/system_strong_exist.tex

Package caption Warning: The option `hypcap=true' will be ignored for this
(caption)                particular \caption on input line 20.
See the caption package documentation for explanation.

) (./Appendix-Sec5/system_strong_univer.tex

Package caption Warning: The option `hypcap=true' will be ignored for this
(caption)                particular \caption on input line 25.
See the caption package documentation for explanation.

) (./Appendix-Sec5/msc_strong_univer.tex

Package caption Warning: The option `hypcap=true' will be ignored for this
(caption)                particular \caption on input line 32.
See the caption package documentation for explanation.

)

LaTeX Warning: Reference `fig:system_weak_S' on page 31 undefined on input line 250.

(./Appendix-Sec5/system_weak_S.tex

Package caption Warning: The option `hypcap=true' will be ignored for this
(caption)                particular \caption on input line 49.
See the caption package documentation for explanation.

) (./Appendix-Sec5/msc_weak_S.tex

Package caption Warning: The option `hypcap=true' will be ignored for this
(caption)                particular \caption on input line 39.
See the caption package documentation for explanation.

)

LaTeX Warning: Reference `fig:system_W_exist' on page 31 undefined on input line 264.


LaTeX Warning: Reference `proposition:weak_univer_uweak' on page 31 undefined on input line 268.


LaTeX Warning: Reference `fig:system_W_S_exist' on page 31 undefined on input line 270.

) [31.31] (./concur2021.aux)

LaTeX Font Warning: Size substitutions with differences
(Font)              up to 0.45pt have occurred.


LaTeX Warning: There were undefined references.


LaTeX Warning: Label(s) may have changed. Rerun to get cross-references right.


Package rerunfilecheck Warning: File `concur2021.out' has changed.
(rerunfilecheck)                Rerun to get outlines right
(rerunfilecheck)                or use package `bookmark'.

Package rerunfilecheck Info: Checksums for `concur2021.out':
(rerunfilecheck)             Before: <no file>
(rerunfilecheck)             After:  B293309940DC0A130F7EC89B05DCE58D;7174.
 ) 
Here is how much of TeX's memory you used:
 39775 strings out of 478276
 759557 string characters out of 5850490
 1071283 words of memory out of 5000000
 56397 multiletter control sequences out of 15000+600000
 690338 words of font info for 398 fonts, out of 8000000 for 9000
 1141 hyphenation exceptions out of 8191
 99i,23n,94p,1383b,1141s stack positions out of 5000i,500n,10000p,200000b,80000s
{c:/texlive/2021/texmf-dist/fonts/enc/dvips/lm/lm-ec.enc}{c:/texlive/2021/texmf-dist/fonts/enc/dvips/lm/lm-mathit.enc}{c:/texlive/2021/texmf-dist/fonts/enc/dvips/lm/lm-mathsy.enc}{c:/texlive/2021/texmf-dist/fonts/enc/dvips/lm/lm-rm.enc}{c:/texlive/2021/texmf-dist/fonts/enc/dvips/lm/lm-mathex.enc}{c:/texlive/2021/texmf-dist/fonts/enc/dvips/lm/lm-ts1.enc}{c:/texlive/2021/texmf-dist/fonts/enc/dvips/fontawesome5/fa5brands1.enc}{c:/texlive/2021/texmf-dist/fonts/enc/dvips/fontawesome5/fa5free1.enc}<c:/texlive/2021/texmf-dist/fonts/type1/public/fontawesome5/FontAwesome5Brands-Regular.pfb><c:/texlive/2021/texmf-dist/fonts/type1/public/fontawesome5/FontAwesome5Free-Regular.pfb><c:/texlive/2021/texmf-dist/fonts/type1/public/lm/lmbx10.pfb><c:/texlive/2021/texmf-dist/fonts/type1/public/lm/lmbx12.pfb><c:/texlive/2021/texmf-dist/fonts/type1/public/lm/lmbx7.pfb><c:/texlive/2021/texmf-dist/fonts/type1/public/lm/lmbx9.pfb><c:/texlive/2021/texmf-dist/fonts/type1/public/lm/lmcsc10.pfb><c:/texlive/2021/texmf-dist/fonts/type1/public/lm/lmex10.pfb><c:/texlive/2021/texmf-dist/fonts/type1/public/lm/lmmi10.pfb><c:/texlive/2021/texmf-dist/fonts/type1/public/lm/lmmi5.pfb><c:/texlive/2021/texmf-dist/fonts/type1/public/lm/lmmi6.pfb><c:/texlive/2021/texmf-dist/fonts/type1/public/lm/lmmi7.pfb><c:/texlive/2021/texmf-dist/fonts/type1/public/lm/lmmi8.pfb><c:/texlive/2021/texmf-dist/fonts/type1/public/lm/lmmi9.pfb><c:/texlive/2021/texmf-dist/fonts/type1/public/lm/lmr10.pfb><c:/texlive/2021/texmf-dist/fonts/type1/public/lm/lmr5.pfb><c:/texlive/2021/texmf-dist/fonts/type1/public/lm/lmr6.pfb><c:/texlive/2021/texmf-dist/fonts/type1/public/lm/lmr7.pfb><c:/texlive/2021/texmf-dist/fonts/type1/public/lm/lmr8.pfb><c:/texlive/2021/texmf-dist/fonts/type1/public/lm/lmr9.pfb><c:/texlive/2021/texmf-dist/fonts/type1/public/lm/lmri10.pfb><c:/texlive/2021/texmf-dist/fonts/type1/public/lm/lmri7.pfb><c:/texlive/2021/texmf-dist/fonts/type1/public/lm/lmri8.pfb><c:/texlive/2021/texmf-dist/fonts/type1/public/lm/lmss10.pfb><c:/texlive/2021/texmf-dist/fonts/type1/public/lm/lmss12.pfb><c:/texlive/2021/texmf-dist/fonts/type1/public/lm/lmss8.pfb><c:/texlive/2021/texmf-dist/fonts/type1/public/lm/lmssbx10.pfb><c:/texlive/2021/texmf-dist/fonts/type1/public/lm/lmsy10.pfb><c:/texlive/2021/texmf-dist/fonts/type1/public/lm/lmsy5.pfb><c:/texlive/2021/texmf-dist/fonts/type1/public/lm/lmsy6.pfb><c:/texlive/2021/texmf-dist/fonts/type1/public/lm/lmsy7.pfb><c:/texlive/2021/texmf-dist/fonts/type1/public/lm/lmsy9.pfb><c:/texlive/2021/texmf-dist/fonts/type1/public/amsfonts/symbols/msam10.pfb><c:/texlive/2021/texmf-dist/fonts/type1/public/amsfonts/symbols/msbm10.pfb><c:/texlive/2021/texmf-dist/fonts/type1/public/amsfonts/symbols/msbm7.pfb><c:/texlive/2021/texmf-dist/fonts/type1/public/stmaryrd/stmary10.pfb>
Output written on concur2021.pdf (31 pages, 790072 bytes).
PDF statistics:
 643 PDF objects out of 1000 (max. 8388607)
 522 compressed objects within 6 object streams
 245 named destinations out of 1000 (max. 500000)
 120855 words of extra memory for PDF output out of 128383 (max. 10000000)

