\BOOKMARK [1][-]{section.1}{\376\377\0001\000\040\000I\000n\000t\000r\000o\000d\000u\000c\000t\000i\000o\000n}{}% 1
\BOOKMARK [1][-]{section.2}{\376\377\0002\000\040\000P\000r\000e\000l\000i\000m\000i\000n\000a\000r\000i\000e\000s}{}% 2
\BOOKMARK [2][-]{subsection.2.1}{\376\377\0002\000.\0001\000\040\000M\000e\000s\000s\000a\000g\000e\000\040\000S\000e\000q\000u\000e\000n\000c\000e\000\040\000C\000h\000a\000r\000t\000s}{section.2}% 3
\BOOKMARK [2][-]{subsection.2.2}{\376\377\0002\000.\0002\000\040\000C\000o\000m\000m\000u\000n\000i\000c\000a\000t\000i\000n\000g\000\040\000S\000y\000s\000t\000e\000m\000s}{section.2}% 4
\BOOKMARK [2][-]{subsection.2.3}{\376\377\0002\000.\0003\000\040\000C\000o\000n\000f\000l\000i\000c\000t\000\040\000G\000r\000a\000p\000h}{section.2}% 5
\BOOKMARK [1][-]{section.3}{\376\377\0003\000\040\000M\000o\000d\000e\000l\000\040\000C\000h\000e\000c\000k\000i\000n\000g\000\040\000a\000n\000d\000\040\000S\000y\000n\000c\000h\000r\000o\000n\000i\000z\000a\000b\000i\000l\000i\000t\000y}{}% 6
\BOOKMARK [2][-]{subsection.3.1}{\376\377\0003\000.\0001\000\040\000L\000o\000g\000i\000c\000\040\000a\000n\000d\000\040\000S\000p\000e\000c\000i\000a\000l\000\040\000T\000r\000e\000e\000-\000W\000i\000d\000t\000h}{section.3}% 7
\BOOKMARK [2][-]{subsection.3.2}{\376\377\0003\000.\0002\000\040\000M\000o\000d\000e\000l\000\040\000C\000h\000e\000c\000k\000i\000n\000g}{section.3}% 8
\BOOKMARK [2][-]{subsection.3.3}{\376\377\0003\000.\0003\000\040\000S\000y\000n\000c\000h\000r\000o\000n\000i\000z\000a\000b\000i\000l\000i\000t\000y}{section.3}% 9
\BOOKMARK [1][-]{section.4}{\376\377\0004\000\040\000A\000p\000p\000l\000i\000c\000a\000t\000i\000o\000n\000\040\000t\000o\000\040\000C\000o\000n\000c\000r\000e\000t\000e\000\040\000C\000l\000a\000s\000s\000e\000s\000\040\000o\000f\000\040\000S\000y\000n\000c\000h\000r\000o\000n\000i\000z\000a\000b\000i\000l\000i\000t\000y}{}% 10
\BOOKMARK [2][-]{subsection.4.1}{\376\377\0004\000.\0001\000\040\000A\000\040\000N\000e\000w\000\040\000G\000e\000n\000e\000r\000a\000l\000\040\000C\000l\000a\000s\000s\000:\000\040\000W\000e\000a\000k\000l\000y\000\040\000S\000y\000n\000c\000h\000r\000o\000n\000o\000u\000s\000\040\000M\000S\000C\000s}{section.4}% 11
\BOOKMARK [2][-]{subsection.4.2}{\376\377\0004\000.\0002\000\040\000W\000e\000a\000k\000l\000y\000\040\000k\000-\000S\000y\000n\000c\000h\000r\000o\000n\000o\000u\000s\000\040\000M\000S\000C\000s}{section.4}% 12
\BOOKMARK [2][-]{subsection.4.3}{\376\377\0004\000.\0003\000\040\000S\000t\000r\000o\000n\000g\000l\000y\000\040\000k\000-\000S\000y\000n\000c\000h\000r\000o\000n\000o\000u\000s\000\040\000M\000S\000C\000s\000\040\000a\000n\000d\000\040\000O\000t\000h\000e\000r\000\040\000C\000l\000a\000s\000s\000e\000s}{section.4}% 13
\BOOKMARK [2][-]{subsection.4.4}{\376\377\0004\000.\0004\000\040\000E\000x\000i\000s\000t\000e\000n\000t\000i\000a\000l\000l\000y\000\040\000k\000-\000B\000o\000u\000n\000d\000e\000d\000\040\000M\000S\000C\000s}{section.4}% 14
\BOOKMARK [1][-]{section.5}{\376\377\0005\000\040\000R\000e\000l\000a\000t\000i\000o\000n\000s\000\040\000B\000e\000t\000w\000e\000e\000n\000\040\000C\000l\000a\000s\000s\000e\000s}{}% 15
\BOOKMARK [1][-]{section.6}{\376\377\0006\000\040\000C\000o\000n\000c\000l\000u\000s\000i\000o\000n\000\040\000a\000n\000d\000\040\000P\000e\000r\000s\000p\000e\000c\000t\000i\000v\000e\000s}{}% 16
\BOOKMARK [1][-]{appendix.A}{\376\377\000A\000\040\000P\000r\000o\000o\000f\000\040\000f\000o\000r\000\040\000S\000e\000c\000t\000i\000o\000n\000\040\0002}{}% 17
\BOOKMARK [2][-]{subsection.A.1}{\376\377\000A\000.\0001\000\040\000P\000r\000o\000o\000f\000\040\000o\000f\000\040\000L\000e\000m\000m\000a\000\040\000?\000?}{appendix.A}% 18
\BOOKMARK [1][-]{appendix.B}{\376\377\000B\000\040\000P\000r\000o\000o\000f\000s\000\040\000f\000o\000r\000\040\000S\000e\000c\000t\000i\000o\000n\000\040\0003}{}% 19
\BOOKMARK [2][-]{subsection.B.1}{\376\377\000B\000.\0001\000\040\000P\000r\000o\000o\000f\000\040\000o\000f\000\040\000T\000h\000e\000o\000r\000e\000m\000\040\000?\000?}{appendix.B}% 20
\BOOKMARK [2][-]{subsection.B.2}{\376\377\000B\000.\0002\000\040\000P\000r\000o\000o\000f\000\040\000o\000f\000\040\000L\000e\000m\000m\000a\000\040\000?\000?}{appendix.B}% 21
\BOOKMARK [1][-]{appendix.C}{\376\377\000C\000\040\000P\000r\000o\000o\000f\000s\000\040\000f\000o\000r\000\040\000S\000e\000c\000t\000i\000o\000n\000\040\0004}{}% 22
\BOOKMARK [2][-]{subsection.C.1}{\376\377\000C\000.\0001\000\040\000P\000r\000o\000o\000f\000\040\000o\000f\000\040\000P\000r\000o\000p\000o\000s\000i\000t\000i\000o\000n\000\040\000?\000?}{appendix.C}% 23
\BOOKMARK [2][-]{subsection.C.2}{\376\377\000C\000.\0002\000\040\000P\000r\000o\000o\000f\000\040\000o\000f\000\040\000C\000o\000r\000o\000l\000l\000a\000r\000y\000\040\000?\000?}{appendix.C}% 24
\BOOKMARK [2][-]{subsection.C.3}{\376\377\000C\000.\0003\000\040\000P\000r\000o\000o\000f\000\040\000o\000f\000\040\000T\000h\000e\000o\000r\000e\000m\000\040\000?\000?}{appendix.C}% 25
\BOOKMARK [2][-]{subsection.C.4}{\376\377\000C\000.\0004\000\040\000P\000r\000o\000o\000f\000\040\000o\000f\000\040\000P\000r\000o\000p\000o\000s\000i\000t\000i\000o\000n\000\040\000?\000?}{appendix.C}% 26
\BOOKMARK [2][-]{subsection.C.5}{\376\377\000C\000.\0005\000\040\000P\000r\000o\000o\000f\000\040\000o\000f\000\040\000P\000r\000o\000p\000o\000s\000i\000t\000i\000o\000n\000\040\000?\000?}{appendix.C}% 27
\BOOKMARK [2][-]{subsection.C.6}{\376\377\000C\000.\0006\000\040\000P\000r\000o\000o\000f\000\040\000o\000f\000\040\000P\000r\000o\000p\000o\000s\000i\000t\000i\000o\000n\000\040\000?\000?}{appendix.C}% 28
\BOOKMARK [2][-]{subsection.C.7}{\376\377\000C\000.\0007\000\040\000P\000r\000o\000o\000f\000\040\000o\000f\000\040\000P\000r\000o\000p\000o\000s\000i\000t\000i\000o\000n\000\040\000?\000?}{appendix.C}% 29
\BOOKMARK [2][-]{subsection.C.8}{\376\377\000C\000.\0008\000\040\000E\000x\000i\000s\000t\000e\000n\000t\000i\000a\000l\000l\000y\000\040\000k\000-\000p\0002\000p\000-\000b\000o\000u\000n\000d\000e\000d\000\040\000M\000S\000C\000s}{appendix.C}% 30
\BOOKMARK [2][-]{subsection.C.9}{\376\377\000C\000.\0009\000\040\000D\000e\000f\000i\000n\000i\000t\000i\000o\000n\000\040\000o\000f\000\040\000u\000n\000i\000v\000e\000r\000s\000a\000l\000l\000y\000\040\000b\000o\000u\000n\000d\000e\000d\000\040\000M\000S\000C\000s}{appendix.C}% 31
\BOOKMARK [1][-]{appendix.D}{\376\377\000D\000\040\000A\000d\000d\000i\000t\000i\000o\000n\000a\000l\000\040\000M\000a\000t\000e\000r\000i\000a\000l\000\040\000f\000o\000r\000\040\000S\000e\000c\000t\000i\000o\000n\000\040\000?\000?}{}% 32
\BOOKMARK [2][-]{subsection.D.1}{\376\377\000D\000.\0001\000\040\000P\000r\000o\000o\000f\000s}{appendix.D}% 33
\BOOKMARK [2][-]{subsection.D.2}{\376\377\000D\000.\0002\000\040\000E\000x\000a\000m\000p\000l\000e\000s}{appendix.D}% 34
\BOOKMARK [3][-]{subsubsection.D.2.1}{\376\377\000D\000.\0002\000.\0001\000\040\000p\0002\000p\000\040\000s\000y\000s\000t\000e\000m\000s\000\040}{subsection.D.2}% 35
\BOOKMARK [3][-]{subsubsection.D.2.2}{\376\377\000D\000.\0002\000.\0002\000\040\000M\000a\000i\000l\000b\000o\000x\000\040\000s\000y\000s\000t\000e\000m\000s\000\040}{subsection.D.2}% 36
