\BOOKMARK [1][-]{section*.1}{\376\377\000A\000b\000s\000t\000r\000a\000c\000t}{}% 1
\BOOKMARK [1][-]{section.1}{\376\377\0001\000\040\000I\000n\000t\000r\000o\000d\000u\000c\000t\000i\000o\000n}{}% 2
\BOOKMARK [1][-]{section.2}{\376\377\0002\000\040\000P\000r\000e\000l\000i\000m\000i\000n\000a\000r\000i\000e\000s\000/\000B\000a\000s\000i\000c\000s}{}% 3
\BOOKMARK [1][-]{section.3}{\376\377\0003\000\040\000A\000s\000y\000n\000c\000h\000r\000o\000n\000o\000u\000s\000\040\000c\000o\000m\000m\000u\000n\000i\000c\000a\000t\000i\000o\000n\000\040\000m\000o\000d\000e\000l\000s\000\040\000o\000v\000e\000r\000v\000i\000e\000w}{}% 4
\BOOKMARK [1][-]{section.4}{\376\377\0004\000\040\000A\000s\000y\000n\000c\000h\000r\000o\000n\000o\000u\000s\000\040\000c\000o\000m\000m\000u\000n\000i\000c\000a\000t\000i\000o\000n\000\040\000m\000o\000d\000e\000l\000s\000\040\000o\000p\000e\000r\000a\000t\000i\000o\000n\000a\000l\000\040\000s\000e\000m\000a\000n\000t\000i\000c\000s}{}% 5
\BOOKMARK [1][-]{section.5}{\376\377\0005\000\040\000A\000s\000y\000n\000c\000h\000r\000o\000n\000o\000u\000s\000\040\000c\000o\000m\000m\000u\000n\000i\000c\000a\000t\000i\000o\000n\000\040\000m\000o\000d\000e\000l\000s\000\040\000a\000s\000\040\000c\000l\000a\000s\000s\000e\000s\000\040\000o\000f\000\040\000M\000S\000C\000s\000,\000\040\000M\000S\000O\000-\000d\000e\000f\000i\000n\000a\000b\000i\000l\000i\000t\000y}{}% 6
\BOOKMARK [1][-]{section.6}{\376\377\0006\000\040\000E\000q\000u\000i\000v\000a\000l\000e\000n\000c\000e\000\040\000o\000f\000\040\000t\000h\000e\000\040\000t\000w\000o\000\040\000d\000e\000f\000i\000n\000i\000t\000i\000o\000n\000s}{}% 7
\BOOKMARK [1][-]{section.7}{\376\377\0007\000\040\000H\000i\000e\000r\000a\000r\000c\000h\000y\000\040\000o\000f\000\040\000a\000s\000y\000n\000c\000h\000r\000o\000n\000o\000u\000s\000\040\000c\000l\000a\000s\000s\000e\000s\000\040\000o\000f\000\040\000M\000S\000C\000s}{}% 8
\BOOKMARK [1][-]{section.8}{\376\377\0008\000\040\000A\000n\000\040\000a\000p\000p\000l\000i\000c\000a\000t\000i\000o\000n\000:\000\040\000s\000p\000e\000c\000i\000a\000l\000\040\000t\000r\000e\000e\000w\000i\000d\000t\000h\000\040\000a\000n\000d\000\040\000d\000e\000c\000i\000d\000a\000b\000i\000l\000i\000t\000y\000\040\000o\000f\000\040\000t\000h\000e\000\040\000s\000y\000n\000c\000h\000r\000o\000n\000i\000z\000a\000b\000i\000l\000i\000t\000y\000\040\000p\000r\000o\000b\000l\000e\000m}{}% 9
\BOOKMARK [1][-]{section.9}{\376\377\0009\000\040\000C\000o\000n\000c\000l\000u\000s\000i\000o\000n}{}% 10
\BOOKMARK [1][-]{appendix.A}{\376\377\000A\000\040\000A\000p\000p\000e\000n\000d\000i\000x}{}% 11
\BOOKMARK [1][-]{appendix.B}{\376\377\000B\000\040\000\050\0003\000\051\000\040\000A\000s\000y\000n\000c\000h\000r\000o\000n\000o\000u\000s\000\040\000c\000o\000m\000m\000u\000n\000i\000c\000a\000t\000i\000o\000n\000\040\000m\000o\000d\000e\000l\000s\000\040\000o\000v\000e\000r\000v\000i\000e\000w}{}% 12
\BOOKMARK [2][-]{subsection.B.1}{\376\377\000B\000.\0001\000\040\000F\000u\000l\000l\000y\000\040\000a\000s\000y\000n\000c\000h\000r\000o\000n\000o\000u\000s}{appendix.B}% 13
\BOOKMARK [2][-]{subsection.B.2}{\376\377\000B\000.\0002\000\040\000F\000I\000F\000O\000\040\0001\000-\0001\000\040\000\050\000p\0002\000p\000\051}{appendix.B}% 14
\BOOKMARK [2][-]{subsection.B.3}{\376\377\000B\000.\0003\000\040\000C\000a\000u\000s\000a\000l\000l\000y\000\040\000o\000r\000d\000e\000r\000e\000d}{appendix.B}% 15
\BOOKMARK [2][-]{subsection.B.4}{\376\377\000B\000.\0004\000\040\000F\000I\000F\000O\000\040\000n\000-\0001\000\040\000\050\000m\000a\000i\000l\000b\000o\000x\000\051}{appendix.B}% 16
\BOOKMARK [2][-]{subsection.B.5}{\376\377\000B\000.\0005\000\040\000F\000I\000F\000O\000\040\0001\000-\000n}{appendix.B}% 17
\BOOKMARK [2][-]{subsection.B.6}{\376\377\000B\000.\0006\000\040\000F\000I\000F\000O\000\040\000n\000-\000n}{appendix.B}% 18
\BOOKMARK [2][-]{subsection.B.7}{\376\377\000B\000.\0007\000\040\000R\000e\000a\000l\000i\000z\000a\000b\000l\000e\000\040\000w\000i\000t\000h\000\040\000S\000y\000n\000c\000h\000r\000o\000n\000o\000u\000s\000\040\000C\000o\000m\000m\000u\000n\000i\000c\000a\000t\000i\000o\000n\000\040\000\050\000R\000S\000C\000\051}{appendix.B}% 19
\BOOKMARK [2][-]{subsection.B.8}{\376\377\000B\000.\0008\000\040\000H\000i\000e\000r\000a\000r\000c\000h\000y\000\040\000o\000f\000\040\000M\000S\000C\000\040\000c\000l\000a\000s\000s\000e\000s}{appendix.B}% 20
\BOOKMARK [1][-]{appendix.C}{\376\377\000C\000\040\000\050\0005\000\051\000\040\000A\000s\000y\000n\000c\000h\000r\000o\000n\000o\000u\000s\000\040\000c\000o\000m\000m\000u\000n\000i\000c\000a\000t\000i\000o\000n\000\040\000m\000o\000d\000e\000l\000s\000\040\000a\000s\000\040\000c\000l\000a\000s\000s\000e\000s\000\040\000o\000f\000\040\000M\000S\000C\000s\000,\000\040\000M\000S\000O\000-\000d\000e\000f\000i\000n\000a\000b\000i\000l\000i\000t\000y}{}% 21
\BOOKMARK [2][-]{subsection.C.1}{\376\377\000C\000.\0001\000\040\000D\000e\000f\000i\000n\000i\000t\000i\000o\000n\000s}{appendix.C}% 22
\BOOKMARK [2][-]{subsection.C.2}{\376\377\000C\000.\0002\000\040\000M\000o\000n\000a\000d\000i\000c\000\040\000S\000e\000c\000o\000n\000d\000-\000O\000r\000d\000e\000r\000\040\000L\000o\000g\000i\000c}{appendix.C}% 23
\BOOKMARK [1][-]{section*.31}{\376\377\000R\000e\000f\000e\000r\000e\000n\000c\000e\000s}{}% 24
